{"/home/thinkpad/fs-router/packages/fs-router-core/src/factory.ts": {"path":"/home/thinkpad/fs-router/packages/fs-router-core/src/factory.ts","all":false,"statementMap":{"0":{"start":{"line":1,"column":0},"end":{"line":1,"column":61}},"5":{"start":{"line":6,"column":0},"end":{"line":6,"column":41}},"6":{"start":{"line":7,"column":0},"end":{"line":7,"column":34}},"7":{"start":{"line":8,"column":0},"end":{"line":8,"column":24}},"8":{"start":{"line":9,"column":0},"end":{"line":9,"column":18}},"9":{"start":{"line":10,"column":0},"end":{"line":10,"column":48}},"10":{"start":{"line":11,"column":0},"end":{"line":11,"column":56}},"12":{"start":{"line":13,"column":0},"end":{"line":13,"column":31}},"13":{"start":{"line":14,"column":0},"end":{"line":14,"column":35}},"15":{"start":{"line":16,"column":0},"end":{"line":16,"column":93}},"17":{"start":{"line":18,"column":0},"end":{"line":18,"column":62}},"19":{"start":{"line":20,"column":0},"end":{"line":20,"column":29}},"20":{"start":{"line":21,"column":0},"end":{"line":21,"column":67}},"21":{"start":{"line":22,"column":0},"end":{"line":22,"column":20}},"22":{"start":{"line":23,"column":0},"end":{"line":23,"column":61}},"23":{"start":{"line":24,"column":0},"end":{"line":24,"column":57}},"24":{"start":{"line":25,"column":0},"end":{"line":25,"column":7}},"25":{"start":{"line":26,"column":0},"end":{"line":26,"column":12}},"26":{"start":{"line":27,"column":0},"end":{"line":27,"column":45}},"27":{"start":{"line":28,"column":0},"end":{"line":28,"column":71}},"29":{"start":{"line":30,"column":0},"end":{"line":30,"column":91}},"30":{"start":{"line":31,"column":0},"end":{"line":31,"column":94}},"31":{"start":{"line":32,"column":0},"end":{"line":32,"column":91}},"32":{"start":{"line":33,"column":0},"end":{"line":33,"column":100}},"33":{"start":{"line":34,"column":0},"end":{"line":34,"column":97}},"34":{"start":{"line":35,"column":0},"end":{"line":35,"column":103}},"35":{"start":{"line":36,"column":0},"end":{"line":36,"column":94}},"37":{"start":{"line":38,"column":0},"end":{"line":38,"column":50}},"38":{"start":{"line":39,"column":0},"end":{"line":39,"column":64}},"39":{"start":{"line":40,"column":0},"end":{"line":40,"column":53}},"40":{"start":{"line":41,"column":0},"end":{"line":41,"column":51}},"41":{"start":{"line":42,"column":0},"end":{"line":42,"column":7}},"43":{"start":{"line":44,"column":0},"end":{"line":44,"column":35}},"44":{"start":{"line":45,"column":0},"end":{"line":45,"column":99}},"45":{"start":{"line":46,"column":0},"end":{"line":46,"column":99}},"46":{"start":{"line":47,"column":0},"end":{"line":47,"column":7}},"47":{"start":{"line":48,"column":0},"end":{"line":48,"column":5}},"48":{"start":{"line":49,"column":0},"end":{"line":49,"column":3}},"49":{"start":{"line":50,"column":0},"end":{"line":50,"column":1}}},"s":{"0":1,"5":12,"6":12,"7":12,"8":12,"9":12,"10":12,"12":12,"13":13,"15":13,"17":13,"19":13,"20":3,"21":3,"22":3,"23":3,"24":3,"25":13,"26":10,"27":10,"29":10,"30":10,"31":10,"32":10,"33":10,"34":10,"35":10,"37":10,"38":16,"39":16,"40":16,"41":16,"43":10,"44":2,"45":2,"46":2,"47":10,"48":13,"49":12},"branchMap":{"0":{"type":"branch","line":6,"loc":{"start":{"line":6,"column":0},"end":{"line":50,"column":1}},"locations":[{"start":{"line":6,"column":0},"end":{"line":50,"column":1}}]},"1":{"type":"branch","line":11,"loc":{"start":{"line":11,"column":38},"end":{"line":11,"column":54}},"locations":[{"start":{"line":11,"column":38},"end":{"line":11,"column":54}}]},"2":{"type":"branch","line":13,"loc":{"start":{"line":13,"column":30},"end":{"line":49,"column":3}},"locations":[{"start":{"line":13,"column":30},"end":{"line":49,"column":3}}]},"3":{"type":"branch","line":16,"loc":{"start":{"line":16,"column":26},"end":{"line":16,"column":56}},"locations":[{"start":{"line":16,"column":26},"end":{"line":16,"column":56}}]},"4":{"type":"branch","line":16,"loc":{"start":{"line":16,"column":41},"end":{"line":16,"column":65}},"locations":[{"start":{"line":16,"column":41},"end":{"line":16,"column":65}}]},"5":{"type":"branch","line":20,"loc":{"start":{"line":20,"column":28},"end":{"line":26,"column":11}},"locations":[{"start":{"line":20,"column":28},"end":{"line":26,"column":11}}]},"6":{"type":"branch","line":21,"loc":{"start":{"line":21,"column":37},"end":{"line":21,"column":67}},"locations":[{"start":{"line":21,"column":37},"end":{"line":21,"column":67}}]},"7":{"type":"branch","line":26,"loc":{"start":{"line":26,"column":4},"end":{"line":48,"column":5}},"locations":[{"start":{"line":26,"column":4},"end":{"line":48,"column":5}}]},"8":{"type":"branch","line":30,"loc":{"start":{"line":30,"column":30},"end":{"line":30,"column":91}},"locations":[{"start":{"line":30,"column":30},"end":{"line":30,"column":91}}]},"9":{"type":"branch","line":31,"loc":{"start":{"line":31,"column":31},"end":{"line":31,"column":94}},"locations":[{"start":{"line":31,"column":31},"end":{"line":31,"column":94}}]},"10":{"type":"branch","line":32,"loc":{"start":{"line":32,"column":30},"end":{"line":32,"column":91}},"locations":[{"start":{"line":32,"column":30},"end":{"line":32,"column":91}}]},"11":{"type":"branch","line":33,"loc":{"start":{"line":33,"column":33},"end":{"line":33,"column":100}},"locations":[{"start":{"line":33,"column":33},"end":{"line":33,"column":100}}]},"12":{"type":"branch","line":34,"loc":{"start":{"line":34,"column":32},"end":{"line":34,"column":97}},"locations":[{"start":{"line":34,"column":32},"end":{"line":34,"column":97}}]},"13":{"type":"branch","line":35,"loc":{"start":{"line":35,"column":34},"end":{"line":35,"column":103}},"locations":[{"start":{"line":35,"column":34},"end":{"line":35,"column":103}}]},"14":{"type":"branch","line":36,"loc":{"start":{"line":36,"column":31},"end":{"line":36,"column":94}},"locations":[{"start":{"line":36,"column":31},"end":{"line":36,"column":94}}]},"15":{"type":"branch","line":38,"loc":{"start":{"line":38,"column":49},"end":{"line":42,"column":7}},"locations":[{"start":{"line":38,"column":49},"end":{"line":42,"column":7}}]},"16":{"type":"branch","line":44,"loc":{"start":{"line":44,"column":34},"end":{"line":47,"column":7}},"locations":[{"start":{"line":44,"column":34},"end":{"line":47,"column":7}}]},"17":{"type":"branch","line":46,"loc":{"start":{"line":46,"column":53},"end":{"line":46,"column":69}},"locations":[{"start":{"line":46,"column":53},"end":{"line":46,"column":69}}]},"18":{"type":"branch","line":46,"loc":{"start":{"line":46,"column":57},"end":{"line":46,"column":76}},"locations":[{"start":{"line":46,"column":57},"end":{"line":46,"column":76}}]}},"b":{"0":[12],"1":[11],"2":[13],"3":[3],"4":[10],"5":[3],"6":[1],"7":[10],"8":[9],"9":[2],"10":[1],"11":[1],"12":[1],"13":[1],"14":[1],"15":[16],"16":[2],"17":[1],"18":[1]},"fnMap":{"0":{"name":"createRouter","decl":{"start":{"line":6,"column":0},"end":{"line":50,"column":1}},"loc":{"start":{"line":6,"column":0},"end":{"line":50,"column":1}},"line":6}},"f":{"0":12}}
,"/home/thinkpad/fs-router/packages/fs-router-core/src/logger.ts": {"path":"/home/thinkpad/fs-router/packages/fs-router-core/src/logger.ts","all":false,"statementMap":{"5":{"start":{"line":6,"column":0},"end":{"line":6,"column":56}},"6":{"start":{"line":7,"column":0},"end":{"line":7,"column":10}},"7":{"start":{"line":8,"column":0},"end":{"line":8,"column":76}},"8":{"start":{"line":9,"column":0},"end":{"line":9,"column":20}},"9":{"start":{"line":10,"column":0},"end":{"line":10,"column":67}},"10":{"start":{"line":11,"column":0},"end":{"line":11,"column":7}},"11":{"start":{"line":12,"column":0},"end":{"line":12,"column":6}},"12":{"start":{"line":13,"column":0},"end":{"line":13,"column":65}},"13":{"start":{"line":14,"column":0},"end":{"line":14,"column":20}},"14":{"start":{"line":15,"column":0},"end":{"line":15,"column":61}},"15":{"start":{"line":16,"column":0},"end":{"line":16,"column":68}},"16":{"start":{"line":17,"column":0},"end":{"line":17,"column":7}},"17":{"start":{"line":18,"column":0},"end":{"line":18,"column":5}},"18":{"start":{"line":19,"column":0},"end":{"line":19,"column":4}},"19":{"start":{"line":20,"column":0},"end":{"line":20,"column":1}}},"s":{"5":1,"6":19,"7":19,"8":16,"9":3,"10":3,"11":16,"12":19,"13":25,"14":4,"15":4,"16":4,"17":25,"18":19,"19":19},"branchMap":{"0":{"type":"branch","line":6,"loc":{"start":{"line":6,"column":7},"end":{"line":20,"column":1}},"locations":[{"start":{"line":6,"column":7},"end":{"line":20,"column":1}}]},"1":{"type":"branch","line":8,"loc":{"start":{"line":8,"column":4},"end":{"line":12,"column":6}},"locations":[{"start":{"line":8,"column":4},"end":{"line":12,"column":6}}]},"2":{"type":"branch","line":9,"loc":{"start":{"line":9,"column":19},"end":{"line":11,"column":7}},"locations":[{"start":{"line":9,"column":19},"end":{"line":11,"column":7}}]},"3":{"type":"branch","line":13,"loc":{"start":{"line":13,"column":4},"end":{"line":18,"column":5}},"locations":[{"start":{"line":13,"column":4},"end":{"line":18,"column":5}}]},"4":{"type":"branch","line":14,"loc":{"start":{"line":14,"column":19},"end":{"line":17,"column":7}},"locations":[{"start":{"line":14,"column":19},"end":{"line":17,"column":7}}]},"5":{"type":"branch","line":15,"loc":{"start":{"line":15,"column":23},"end":{"line":15,"column":58}},"locations":[{"start":{"line":15,"column":23},"end":{"line":15,"column":58}}]},"6":{"type":"branch","line":15,"loc":{"start":{"line":15,"column":35},"end":{"line":15,"column":61}},"locations":[{"start":{"line":15,"column":35},"end":{"line":15,"column":61}}]}},"b":{"0":[19],"1":[16],"2":[3],"3":[25],"4":[4],"5":[1],"6":[3]},"fnMap":{"0":{"name":"createLogger","decl":{"start":{"line":6,"column":7},"end":{"line":20,"column":1}},"loc":{"start":{"line":6,"column":7},"end":{"line":20,"column":1}},"line":6},"1":{"name":"logRoute","decl":{"start":{"line":8,"column":4},"end":{"line":12,"column":6}},"loc":{"start":{"line":8,"column":4},"end":{"line":12,"column":6}},"line":8},"2":{"name":"logHandler","decl":{"start":{"line":13,"column":4},"end":{"line":18,"column":5}},"loc":{"start":{"line":13,"column":4},"end":{"line":18,"column":5}},"line":13}},"f":{"0":19,"1":16,"2":25}}
,"/home/thinkpad/fs-router/packages/fs-router-core/src/parser.ts": {"path":"/home/thinkpad/fs-router/packages/fs-router-core/src/parser.ts","all":false,"statementMap":{"0":{"start":{"line":1,"column":0},"end":{"line":1,"column":48}},"6":{"start":{"line":7,"column":0},"end":{"line":7,"column":72}},"7":{"start":{"line":8,"column":0},"end":{"line":8,"column":70}},"8":{"start":{"line":9,"column":0},"end":{"line":9,"column":43}},"10":{"start":{"line":11,"column":0},"end":{"line":11,"column":27}},"11":{"start":{"line":12,"column":0},"end":{"line":12,"column":15}},"12":{"start":{"line":13,"column":0},"end":{"line":13,"column":22}},"13":{"start":{"line":14,"column":0},"end":{"line":14,"column":3}},"14":{"start":{"line":15,"column":0},"end":{"line":15,"column":23}},"15":{"start":{"line":16,"column":0},"end":{"line":16,"column":1}},"17":{"start":{"line":18,"column":0},"end":{"line":18,"column":46}},"18":{"start":{"line":19,"column":0},"end":{"line":19,"column":15}},"19":{"start":{"line":20,"column":0},"end":{"line":20,"column":33}},"20":{"start":{"line":21,"column":0},"end":{"line":21,"column":49}},"21":{"start":{"line":22,"column":0},"end":{"line":22,"column":31}},"22":{"start":{"line":23,"column":0},"end":{"line":23,"column":5}},"23":{"start":{"line":24,"column":0},"end":{"line":24,"column":19}},"24":{"start":{"line":25,"column":0},"end":{"line":25,"column":3}},"25":{"start":{"line":26,"column":0},"end":{"line":26,"column":27}},"26":{"start":{"line":27,"column":0},"end":{"line":27,"column":1}},"28":{"start":{"line":29,"column":0},"end":{"line":29,"column":68}},"29":{"start":{"line":30,"column":0},"end":{"line":30,"column":15}},"30":{"start":{"line":31,"column":0},"end":{"line":31,"column":37}},"31":{"start":{"line":32,"column":0},"end":{"line":32,"column":12}},"32":{"start":{"line":33,"column":0},"end":{"line":33,"column":41}},"33":{"start":{"line":34,"column":0},"end":{"line":34,"column":6}},"34":{"start":{"line":35,"column":0},"end":{"line":35,"column":3}},"35":{"start":{"line":36,"column":0},"end":{"line":36,"column":24}},"36":{"start":{"line":37,"column":0},"end":{"line":37,"column":1}},"38":{"start":{"line":39,"column":0},"end":{"line":39,"column":47}},"39":{"start":{"line":40,"column":0},"end":{"line":40,"column":15}},"40":{"start":{"line":41,"column":0},"end":{"line":41,"column":48}},"41":{"start":{"line":42,"column":0},"end":{"line":42,"column":3}},"42":{"start":{"line":43,"column":0},"end":{"line":43,"column":24}},"43":{"start":{"line":44,"column":0},"end":{"line":44,"column":1}},"45":{"start":{"line":46,"column":0},"end":{"line":46,"column":57}},"46":{"start":{"line":47,"column":0},"end":{"line":47,"column":15}},"47":{"start":{"line":48,"column":0},"end":{"line":48,"column":38}},"48":{"start":{"line":49,"column":0},"end":{"line":49,"column":34}},"49":{"start":{"line":50,"column":0},"end":{"line":50,"column":14}},"50":{"start":{"line":51,"column":0},"end":{"line":51,"column":87}},"51":{"start":{"line":52,"column":0},"end":{"line":52,"column":10}},"52":{"start":{"line":53,"column":0},"end":{"line":53,"column":5}},"53":{"start":{"line":54,"column":0},"end":{"line":54,"column":41}},"54":{"start":{"line":55,"column":0},"end":{"line":55,"column":43}},"55":{"start":{"line":56,"column":0},"end":{"line":56,"column":59}},"56":{"start":{"line":57,"column":0},"end":{"line":57,"column":3}},"57":{"start":{"line":58,"column":0},"end":{"line":58,"column":28}},"58":{"start":{"line":59,"column":0},"end":{"line":59,"column":1}},"60":{"start":{"line":61,"column":0},"end":{"line":61,"column":50}},"61":{"start":{"line":62,"column":0},"end":{"line":62,"column":15}},"62":{"start":{"line":63,"column":0},"end":{"line":63,"column":28}},"63":{"start":{"line":64,"column":0},"end":{"line":64,"column":44}},"64":{"start":{"line":65,"column":0},"end":{"line":65,"column":28}},"65":{"start":{"line":66,"column":0},"end":{"line":66,"column":33}},"66":{"start":{"line":67,"column":0},"end":{"line":67,"column":24}},"67":{"start":{"line":68,"column":0},"end":{"line":68,"column":14}},"68":{"start":{"line":69,"column":0},"end":{"line":69,"column":41}},"69":{"start":{"line":70,"column":0},"end":{"line":70,"column":7}},"70":{"start":{"line":71,"column":0},"end":{"line":71,"column":5}},"71":{"start":{"line":72,"column":0},"end":{"line":72,"column":41}},"72":{"start":{"line":73,"column":0},"end":{"line":73,"column":3}},"73":{"start":{"line":74,"column":0},"end":{"line":74,"column":27}},"74":{"start":{"line":75,"column":0},"end":{"line":75,"column":1}},"76":{"start":{"line":77,"column":0},"end":{"line":77,"column":31}},"77":{"start":{"line":78,"column":0},"end":{"line":78,"column":15}},"78":{"start":{"line":79,"column":0},"end":{"line":79,"column":15}},"79":{"start":{"line":80,"column":0},"end":{"line":80,"column":3}},"80":{"start":{"line":81,"column":0},"end":{"line":81,"column":13}},"81":{"start":{"line":82,"column":0},"end":{"line":82,"column":1}},"83":{"start":{"line":84,"column":0},"end":{"line":84,"column":63}},"84":{"start":{"line":85,"column":0},"end":{"line":85,"column":47}},"85":{"start":{"line":86,"column":0},"end":{"line":86,"column":35}},"87":{"start":{"line":88,"column":0},"end":{"line":88,"column":39}},"88":{"start":{"line":89,"column":0},"end":{"line":89,"column":37}},"90":{"start":{"line":91,"column":0},"end":{"line":91,"column":34}},"91":{"start":{"line":92,"column":0},"end":{"line":92,"column":44}},"92":{"start":{"line":93,"column":0},"end":{"line":93,"column":41}},"94":{"start":{"line":95,"column":0},"end":{"line":95,"column":31}},"95":{"start":{"line":96,"column":0},"end":{"line":96,"column":32}},"96":{"start":{"line":97,"column":0},"end":{"line":97,"column":79}},"97":{"start":{"line":98,"column":0},"end":{"line":98,"column":88}},"98":{"start":{"line":99,"column":0},"end":{"line":99,"column":64}},"99":{"start":{"line":100,"column":0},"end":{"line":100,"column":58}},"100":{"start":{"line":101,"column":0},"end":{"line":101,"column":20}},"101":{"start":{"line":102,"column":0},"end":{"line":102,"column":29}},"102":{"start":{"line":103,"column":0},"end":{"line":103,"column":9}},"103":{"start":{"line":104,"column":0},"end":{"line":104,"column":7}},"104":{"start":{"line":105,"column":0},"end":{"line":105,"column":5}},"105":{"start":{"line":106,"column":0},"end":{"line":106,"column":3}},"107":{"start":{"line":108,"column":0},"end":{"line":108,"column":27}},"108":{"start":{"line":109,"column":0},"end":{"line":109,"column":32}},"109":{"start":{"line":110,"column":0},"end":{"line":110,"column":53}},"110":{"start":{"line":111,"column":0},"end":{"line":111,"column":52}},"111":{"start":{"line":112,"column":0},"end":{"line":112,"column":44}},"112":{"start":{"line":113,"column":0},"end":{"line":113,"column":44}},"113":{"start":{"line":114,"column":0},"end":{"line":114,"column":50}},"114":{"start":{"line":115,"column":0},"end":{"line":115,"column":40}},"115":{"start":{"line":116,"column":0},"end":{"line":116,"column":5}},"116":{"start":{"line":117,"column":0},"end":{"line":117,"column":1}},"118":{"start":{"line":119,"column":0},"end":{"line":119,"column":82}},"119":{"start":{"line":120,"column":0},"end":{"line":120,"column":57}},"120":{"start":{"line":121,"column":0},"end":{"line":121,"column":98}},"122":{"start":{"line":123,"column":0},"end":{"line":123,"column":29}},"123":{"start":{"line":124,"column":0},"end":{"line":124,"column":42}},"124":{"start":{"line":125,"column":0},"end":{"line":125,"column":37}},"125":{"start":{"line":126,"column":0},"end":{"line":126,"column":37}},"126":{"start":{"line":127,"column":0},"end":{"line":127,"column":37}},"128":{"start":{"line":129,"column":0},"end":{"line":129,"column":77}},"129":{"start":{"line":130,"column":0},"end":{"line":130,"column":34}},"130":{"start":{"line":131,"column":0},"end":{"line":131,"column":38}},"132":{"start":{"line":133,"column":0},"end":{"line":133,"column":26}},"134":{"start":{"line":135,"column":0},"end":{"line":135,"column":29}},"135":{"start":{"line":136,"column":0},"end":{"line":136,"column":34}},"136":{"start":{"line":137,"column":0},"end":{"line":137,"column":28}},"137":{"start":{"line":138,"column":0},"end":{"line":138,"column":27}},"139":{"start":{"line":140,"column":0},"end":{"line":140,"column":43}},"140":{"start":{"line":141,"column":0},"end":{"line":141,"column":27}},"142":{"start":{"line":143,"column":0},"end":{"line":143,"column":25}},"143":{"start":{"line":144,"column":0},"end":{"line":144,"column":26}},"144":{"start":{"line":145,"column":0},"end":{"line":145,"column":31}},"145":{"start":{"line":146,"column":0},"end":{"line":146,"column":32}},"146":{"start":{"line":147,"column":0},"end":{"line":147,"column":27}},"147":{"start":{"line":148,"column":0},"end":{"line":148,"column":31}},"148":{"start":{"line":149,"column":0},"end":{"line":149,"column":47}},"149":{"start":{"line":150,"column":0},"end":{"line":150,"column":29}},"150":{"start":{"line":151,"column":0},"end":{"line":151,"column":40}},"151":{"start":{"line":152,"column":0},"end":{"line":152,"column":30}},"152":{"start":{"line":153,"column":0},"end":{"line":153,"column":9}},"153":{"start":{"line":154,"column":0},"end":{"line":154,"column":14}},"154":{"start":{"line":155,"column":0},"end":{"line":155,"column":31}},"155":{"start":{"line":156,"column":0},"end":{"line":156,"column":7}},"156":{"start":{"line":157,"column":0},"end":{"line":157,"column":5}},"158":{"start":{"line":159,"column":0},"end":{"line":159,"column":25}},"159":{"start":{"line":160,"column":0},"end":{"line":160,"column":36}},"160":{"start":{"line":161,"column":0},"end":{"line":161,"column":5}},"162":{"start":{"line":163,"column":0},"end":{"line":163,"column":37}},"163":{"start":{"line":164,"column":0},"end":{"line":164,"column":64}},"164":{"start":{"line":165,"column":0},"end":{"line":165,"column":47}},"165":{"start":{"line":166,"column":0},"end":{"line":166,"column":35}},"166":{"start":{"line":167,"column":0},"end":{"line":167,"column":27}},"167":{"start":{"line":168,"column":0},"end":{"line":168,"column":14}},"168":{"start":{"line":169,"column":0},"end":{"line":169,"column":68}},"169":{"start":{"line":170,"column":0},"end":{"line":170,"column":47}},"170":{"start":{"line":171,"column":0},"end":{"line":171,"column":35}},"171":{"start":{"line":172,"column":0},"end":{"line":172,"column":45}},"172":{"start":{"line":173,"column":0},"end":{"line":173,"column":27}},"173":{"start":{"line":174,"column":0},"end":{"line":174,"column":37}},"174":{"start":{"line":175,"column":0},"end":{"line":175,"column":7}},"175":{"start":{"line":176,"column":0},"end":{"line":176,"column":5}},"176":{"start":{"line":177,"column":0},"end":{"line":177,"column":27}},"177":{"start":{"line":178,"column":0},"end":{"line":178,"column":3}},"179":{"start":{"line":180,"column":0},"end":{"line":180,"column":44}},"180":{"start":{"line":181,"column":0},"end":{"line":181,"column":35}},"182":{"start":{"line":183,"column":0},"end":{"line":183,"column":20}},"183":{"start":{"line":184,"column":0},"end":{"line":184,"column":23}},"184":{"start":{"line":185,"column":0},"end":{"line":185,"column":3}},"186":{"start":{"line":187,"column":0},"end":{"line":187,"column":45}},"187":{"start":{"line":188,"column":0},"end":{"line":188,"column":23}},"188":{"start":{"line":189,"column":0},"end":{"line":189,"column":3}},"190":{"start":{"line":191,"column":0},"end":{"line":191,"column":10}},"191":{"start":{"line":192,"column":0},"end":{"line":192,"column":9}},"192":{"start":{"line":193,"column":0},"end":{"line":193,"column":18}},"193":{"start":{"line":194,"column":0},"end":{"line":194,"column":15}},"194":{"start":{"line":195,"column":0},"end":{"line":195,"column":13}},"195":{"start":{"line":196,"column":0},"end":{"line":196,"column":17}},"196":{"start":{"line":197,"column":0},"end":{"line":197,"column":17}},"197":{"start":{"line":198,"column":0},"end":{"line":198,"column":29}},"198":{"start":{"line":199,"column":0},"end":{"line":199,"column":4}},"199":{"start":{"line":200,"column":0},"end":{"line":200,"column":1}},"201":{"start":{"line":202,"column":0},"end":{"line":202,"column":83}},"202":{"start":{"line":203,"column":0},"end":{"line":203,"column":74}},"203":{"start":{"line":204,"column":0},"end":{"line":204,"column":42}},"205":{"start":{"line":206,"column":0},"end":{"line":206,"column":20}},"206":{"start":{"line":207,"column":0},"end":{"line":207,"column":20}},"207":{"start":{"line":208,"column":0},"end":{"line":208,"column":22}},"208":{"start":{"line":209,"column":0},"end":{"line":209,"column":20}},"209":{"start":{"line":210,"column":0},"end":{"line":210,"column":26}},"210":{"start":{"line":211,"column":0},"end":{"line":211,"column":24}},"211":{"start":{"line":212,"column":0},"end":{"line":212,"column":22}},"212":{"start":{"line":213,"column":0},"end":{"line":213,"column":28}},"213":{"start":{"line":214,"column":0},"end":{"line":214,"column":27}},"214":{"start":{"line":215,"column":0},"end":{"line":215,"column":4}},"216":{"start":{"line":217,"column":0},"end":{"line":217,"column":15}},"217":{"start":{"line":218,"column":0},"end":{"line":218,"column":1}}},"s":{"0":1,"6":1,"7":1,"8":1,"10":45,"11":45,"12":0,"13":0,"14":45,"15":45,"17":57,"18":57,"19":0,"20":0,"21":0,"22":0,"23":0,"24":0,"25":57,"26":57,"28":65,"29":65,"30":0,"31":0,"32":0,"33":0,"34":0,"35":65,"36":65,"38":65,"39":65,"40":0,"41":0,"42":65,"43":65,"45":51,"46":51,"47":0,"48":0,"49":0,"50":0,"51":0,"52":0,"53":0,"54":0,"55":0,"56":0,"57":51,"58":51,"60":45,"61":45,"62":0,"63":0,"64":0,"65":0,"66":0,"67":0,"68":0,"69":0,"70":0,"71":0,"72":0,"73":45,"74":45,"76":51,"77":51,"78":0,"79":0,"80":51,"81":51,"83":1,"84":45,"85":45,"87":45,"88":57,"90":57,"91":65,"92":65,"94":65,"95":12,"96":65,"97":53,"98":53,"99":51,"100":51,"101":51,"102":51,"103":51,"104":65,"105":57,"107":45,"108":45,"109":11,"110":11,"111":8,"112":8,"113":10,"114":5,"115":45,"116":45,"118":51,"119":51,"120":51,"122":51,"123":51,"124":51,"125":51,"126":51,"128":51,"129":51,"130":51,"132":51,"134":51,"135":54,"136":54,"137":54,"139":54,"140":409,"142":409,"143":16,"144":16,"145":409,"146":16,"147":16,"148":393,"149":20,"150":20,"151":20,"152":20,"153":377,"154":357,"155":357,"156":409,"158":54,"159":54,"160":54,"162":54,"163":74,"164":4,"165":4,"166":4,"167":4,"168":74,"169":12,"170":12,"171":12,"172":70,"173":58,"174":58,"175":74,"176":54,"177":54,"179":51,"180":51,"182":51,"183":4,"184":4,"186":51,"187":8,"188":8,"190":51,"191":51,"192":51,"193":51,"194":51,"195":51,"196":51,"197":51,"198":51,"199":51,"201":15,"202":15,"203":15,"205":15,"206":15,"207":15,"208":15,"209":15,"210":15,"211":15,"212":15,"213":15,"214":15,"216":15,"217":15},"branchMap":{"0":{"type":"branch","line":11,"loc":{"start":{"line":11,"column":0},"end":{"line":16,"column":1}},"locations":[{"start":{"line":11,"column":0},"end":{"line":16,"column":1}}]},"1":{"type":"branch","line":12,"loc":{"start":{"line":12,"column":14},"end":{"line":14,"column":3}},"locations":[{"start":{"line":12,"column":14},"end":{"line":14,"column":3}}]},"2":{"type":"branch","line":18,"loc":{"start":{"line":18,"column":0},"end":{"line":27,"column":1}},"locations":[{"start":{"line":18,"column":0},"end":{"line":27,"column":1}}]},"3":{"type":"branch","line":19,"loc":{"start":{"line":19,"column":14},"end":{"line":25,"column":3}},"locations":[{"start":{"line":19,"column":14},"end":{"line":25,"column":3}}]},"4":{"type":"branch","line":29,"loc":{"start":{"line":29,"column":0},"end":{"line":37,"column":1}},"locations":[{"start":{"line":29,"column":0},"end":{"line":37,"column":1}}]},"5":{"type":"branch","line":30,"loc":{"start":{"line":30,"column":14},"end":{"line":35,"column":3}},"locations":[{"start":{"line":30,"column":14},"end":{"line":35,"column":3}}]},"6":{"type":"branch","line":39,"loc":{"start":{"line":39,"column":0},"end":{"line":44,"column":1}},"locations":[{"start":{"line":39,"column":0},"end":{"line":44,"column":1}}]},"7":{"type":"branch","line":40,"loc":{"start":{"line":40,"column":14},"end":{"line":42,"column":3}},"locations":[{"start":{"line":40,"column":14},"end":{"line":42,"column":3}}]},"8":{"type":"branch","line":46,"loc":{"start":{"line":46,"column":0},"end":{"line":59,"column":1}},"locations":[{"start":{"line":46,"column":0},"end":{"line":59,"column":1}}]},"9":{"type":"branch","line":47,"loc":{"start":{"line":47,"column":14},"end":{"line":57,"column":3}},"locations":[{"start":{"line":47,"column":14},"end":{"line":57,"column":3}}]},"10":{"type":"branch","line":61,"loc":{"start":{"line":61,"column":0},"end":{"line":75,"column":1}},"locations":[{"start":{"line":61,"column":0},"end":{"line":75,"column":1}}]},"11":{"type":"branch","line":62,"loc":{"start":{"line":62,"column":14},"end":{"line":73,"column":3}},"locations":[{"start":{"line":62,"column":14},"end":{"line":73,"column":3}}]},"12":{"type":"branch","line":77,"loc":{"start":{"line":77,"column":0},"end":{"line":82,"column":1}},"locations":[{"start":{"line":77,"column":0},"end":{"line":82,"column":1}}]},"13":{"type":"branch","line":78,"loc":{"start":{"line":78,"column":14},"end":{"line":80,"column":3}},"locations":[{"start":{"line":78,"column":14},"end":{"line":80,"column":3}}]},"14":{"type":"branch","line":84,"loc":{"start":{"line":84,"column":7},"end":{"line":117,"column":1}},"locations":[{"start":{"line":84,"column":7},"end":{"line":117,"column":1}}]},"15":{"type":"branch","line":88,"loc":{"start":{"line":88,"column":2},"end":{"line":106,"column":3}},"locations":[{"start":{"line":88,"column":2},"end":{"line":106,"column":3}}]},"16":{"type":"branch","line":91,"loc":{"start":{"line":91,"column":33},"end":{"line":105,"column":5}},"locations":[{"start":{"line":91,"column":33},"end":{"line":105,"column":5}}]},"17":{"type":"branch","line":95,"loc":{"start":{"line":95,"column":30},"end":{"line":97,"column":17}},"locations":[{"start":{"line":95,"column":30},"end":{"line":97,"column":17}}]},"18":{"type":"branch","line":97,"loc":{"start":{"line":97,"column":6},"end":{"line":104,"column":7}},"locations":[{"start":{"line":97,"column":6},"end":{"line":104,"column":7}}]},"19":{"type":"branch","line":97,"loc":{"start":{"line":97,"column":43},"end":{"line":97,"column":79}},"locations":[{"start":{"line":97,"column":43},"end":{"line":97,"column":79}}]},"20":{"type":"branch","line":97,"loc":{"start":{"line":97,"column":74},"end":{"line":98,"column":53}},"locations":[{"start":{"line":97,"column":74},"end":{"line":98,"column":53}}]},"21":{"type":"branch","line":98,"loc":{"start":{"line":98,"column":48},"end":{"line":98,"column":88}},"locations":[{"start":{"line":98,"column":48},"end":{"line":98,"column":88}}]},"22":{"type":"branch","line":98,"loc":{"start":{"line":98,"column":84},"end":{"line":99,"column":41}},"locations":[{"start":{"line":98,"column":84},"end":{"line":99,"column":41}}]},"23":{"type":"branch","line":99,"loc":{"start":{"line":99,"column":27},"end":{"line":99,"column":63}},"locations":[{"start":{"line":99,"column":27},"end":{"line":99,"column":63}}]},"24":{"type":"branch","line":99,"loc":{"start":{"line":99,"column":63},"end":{"line":104,"column":7}},"locations":[{"start":{"line":99,"column":63},"end":{"line":104,"column":7}}]},"25":{"type":"branch","line":109,"loc":{"start":{"line":109,"column":21},"end":{"line":116,"column":3}},"locations":[{"start":{"line":109,"column":21},"end":{"line":116,"column":3}}]},"26":{"type":"branch","line":110,"loc":{"start":{"line":110,"column":10},"end":{"line":110,"column":43}},"locations":[{"start":{"line":110,"column":10},"end":{"line":110,"column":43}}]},"27":{"type":"branch","line":110,"loc":{"start":{"line":110,"column":43},"end":{"line":110,"column":53}},"locations":[{"start":{"line":110,"column":43},"end":{"line":110,"column":53}}]},"28":{"type":"branch","line":111,"loc":{"start":{"line":111,"column":43},"end":{"line":111,"column":52}},"locations":[{"start":{"line":111,"column":43},"end":{"line":111,"column":52}}]},"29":{"type":"branch","line":111,"loc":{"start":{"line":111,"column":50},"end":{"line":115,"column":40}},"locations":[{"start":{"line":111,"column":50},"end":{"line":115,"column":40}}]},"30":{"type":"branch","line":111,"loc":{"start":{"line":111,"column":50},"end":{"line":114,"column":34}},"locations":[{"start":{"line":111,"column":50},"end":{"line":114,"column":34}}]},"31":{"type":"branch","line":114,"loc":{"start":{"line":114,"column":27},"end":{"line":114,"column":50}},"locations":[{"start":{"line":114,"column":27},"end":{"line":114,"column":50}}]},"32":{"type":"branch","line":114,"loc":{"start":{"line":114,"column":43},"end":{"line":115,"column":40}},"locations":[{"start":{"line":114,"column":43},"end":{"line":115,"column":40}}]},"33":{"type":"branch","line":119,"loc":{"start":{"line":119,"column":0},"end":{"line":200,"column":1}},"locations":[{"start":{"line":119,"column":0},"end":{"line":200,"column":1}}]},"34":{"type":"branch","line":121,"loc":{"start":{"line":121,"column":57},"end":{"line":121,"column":98}},"locations":[{"start":{"line":121,"column":57},"end":{"line":121,"column":98}}]},"35":{"type":"branch","line":135,"loc":{"start":{"line":135,"column":28},"end":{"line":178,"column":3}},"locations":[{"start":{"line":135,"column":28},"end":{"line":178,"column":3}}]},"36":{"type":"branch","line":140,"loc":{"start":{"line":140,"column":42},"end":{"line":157,"column":5}},"locations":[{"start":{"line":140,"column":42},"end":{"line":157,"column":5}}]},"37":{"type":"branch","line":143,"loc":{"start":{"line":143,"column":24},"end":{"line":146,"column":17}},"locations":[{"start":{"line":143,"column":24},"end":{"line":146,"column":17}}]},"38":{"type":"branch","line":146,"loc":{"start":{"line":146,"column":6},"end":{"line":156,"column":7}},"locations":[{"start":{"line":146,"column":6},"end":{"line":156,"column":7}}]},"39":{"type":"branch","line":146,"loc":{"start":{"line":146,"column":31},"end":{"line":149,"column":17}},"locations":[{"start":{"line":146,"column":31},"end":{"line":149,"column":17}}]},"40":{"type":"branch","line":149,"loc":{"start":{"line":149,"column":6},"end":{"line":156,"column":7}},"locations":[{"start":{"line":149,"column":6},"end":{"line":156,"column":7}}]},"41":{"type":"branch","line":149,"loc":{"start":{"line":149,"column":26},"end":{"line":149,"column":46}},"locations":[{"start":{"line":149,"column":26},"end":{"line":149,"column":46}}]},"42":{"type":"branch","line":149,"loc":{"start":{"line":149,"column":46},"end":{"line":154,"column":13}},"locations":[{"start":{"line":149,"column":46},"end":{"line":154,"column":13}}]},"43":{"type":"branch","line":154,"loc":{"start":{"line":154,"column":6},"end":{"line":156,"column":7}},"locations":[{"start":{"line":154,"column":6},"end":{"line":156,"column":7}}]},"44":{"type":"branch","line":163,"loc":{"start":{"line":163,"column":36},"end":{"line":176,"column":5}},"locations":[{"start":{"line":163,"column":36},"end":{"line":176,"column":5}}]},"45":{"type":"branch","line":164,"loc":{"start":{"line":164,"column":35},"end":{"line":164,"column":63}},"locations":[{"start":{"line":164,"column":35},"end":{"line":164,"column":63}}]},"46":{"type":"branch","line":164,"loc":{"start":{"line":164,"column":63},"end":{"line":169,"column":17}},"locations":[{"start":{"line":164,"column":63},"end":{"line":169,"column":17}}]},"47":{"type":"branch","line":169,"loc":{"start":{"line":169,"column":6},"end":{"line":175,"column":7}},"locations":[{"start":{"line":169,"column":6},"end":{"line":175,"column":7}}]},"48":{"type":"branch","line":169,"loc":{"start":{"line":169,"column":39},"end":{"line":169,"column":67}},"locations":[{"start":{"line":169,"column":39},"end":{"line":169,"column":67}}]},"49":{"type":"branch","line":169,"loc":{"start":{"line":169,"column":67},"end":{"line":173,"column":17}},"locations":[{"start":{"line":169,"column":67},"end":{"line":173,"column":17}}]},"50":{"type":"branch","line":173,"loc":{"start":{"line":173,"column":6},"end":{"line":175,"column":7}},"locations":[{"start":{"line":173,"column":6},"end":{"line":175,"column":7}}]},"51":{"type":"branch","line":177,"loc":{"start":{"line":177,"column":21},"end":{"line":177,"column":27}},"locations":[{"start":{"line":177,"column":21},"end":{"line":177,"column":27}}]},"52":{"type":"branch","line":183,"loc":{"start":{"line":183,"column":19},"end":{"line":185,"column":3}},"locations":[{"start":{"line":183,"column":19},"end":{"line":185,"column":3}}]},"53":{"type":"branch","line":187,"loc":{"start":{"line":187,"column":6},"end":{"line":187,"column":44}},"locations":[{"start":{"line":187,"column":6},"end":{"line":187,"column":44}}]},"54":{"type":"branch","line":187,"loc":{"start":{"line":187,"column":44},"end":{"line":189,"column":3}},"locations":[{"start":{"line":187,"column":44},"end":{"line":189,"column":3}}]},"55":{"type":"branch","line":129,"loc":{"start":{"line":129,"column":52},"end":{"line":129,"column":75}},"locations":[{"start":{"line":129,"column":52},"end":{"line":129,"column":75}}]},"56":{"type":"branch","line":129,"loc":{"start":{"line":129,"column":57},"end":{"line":129,"column":75}},"locations":[{"start":{"line":129,"column":57},"end":{"line":129,"column":75}}]},"57":{"type":"branch","line":202,"loc":{"start":{"line":202,"column":0},"end":{"line":218,"column":1}},"locations":[{"start":{"line":202,"column":0},"end":{"line":218,"column":1}}]},"58":{"type":"branch","line":203,"loc":{"start":{"line":203,"column":21},"end":{"line":203,"column":59}},"locations":[{"start":{"line":203,"column":21},"end":{"line":203,"column":59}}]}},"b":{"0":[45],"1":[0],"2":[57],"3":[0],"4":[65],"5":[0],"6":[65],"7":[0],"8":[51],"9":[0],"10":[45],"11":[0],"12":[51],"13":[0],"14":[45],"15":[57],"16":[65],"17":[12],"18":[53],"19":[15],"20":[14],"21":[7],"22":[6],"23":[3],"24":[51],"25":[11],"26":[0],"27":[0],"28":[3],"29":[10],"30":[8],"31":[3],"32":[5],"33":[51],"34":[44],"35":[54],"36":[409],"37":[16],"38":[393],"39":[16],"40":[377],"41":[32],"42":[20],"43":[357],"44":[74],"45":[4],"46":[4],"47":[70],"48":[12],"49":[12],"50":[58],"51":[4],"52":[4],"53":[8],"54":[8],"55":[61],"56":[59],"57":[15],"58":[0]},"fnMap":{"0":{"name":"getCwd","decl":{"start":{"line":11,"column":0},"end":{"line":16,"column":1}},"loc":{"start":{"line":11,"column":0},"end":{"line":16,"column":1}},"line":11},"1":{"name":"readDirSync","decl":{"start":{"line":18,"column":0},"end":{"line":27,"column":1}},"loc":{"start":{"line":18,"column":0},"end":{"line":27,"column":1}},"line":18},"2":{"name":"getStatSync","decl":{"start":{"line":29,"column":0},"end":{"line":37,"column":1}},"loc":{"start":{"line":29,"column":0},"end":{"line":37,"column":1}},"line":29},"3":{"name":"isDirectory","decl":{"start":{"line":33,"column":19},"end":{"line":33,"column":41}},"loc":{"start":{"line":33,"column":19},"end":{"line":33,"column":41}},"line":33},"4":{"name":"pathJoin","decl":{"start":{"line":39,"column":0},"end":{"line":44,"column":1}},"loc":{"start":{"line":39,"column":0},"end":{"line":44,"column":1}},"line":39},"5":{"name":"pathRelative","decl":{"start":{"line":46,"column":0},"end":{"line":59,"column":1}},"loc":{"start":{"line":46,"column":0},"end":{"line":59,"column":1}},"line":46},"6":{"name":"pathResolve","decl":{"start":{"line":61,"column":0},"end":{"line":75,"column":1}},"loc":{"start":{"line":61,"column":0},"end":{"line":75,"column":1}},"line":61},"7":{"name":"getPathSep","decl":{"start":{"line":77,"column":0},"end":{"line":82,"column":1}},"loc":{"start":{"line":77,"column":0},"end":{"line":82,"column":1}},"line":77},"8":{"name":"parseRoutes","decl":{"start":{"line":84,"column":7},"end":{"line":117,"column":1}},"loc":{"start":{"line":84,"column":7},"end":{"line":117,"column":1}},"line":84},"9":{"name":"scanDirectory","decl":{"start":{"line":88,"column":2},"end":{"line":106,"column":3}},"loc":{"start":{"line":88,"column":2},"end":{"line":106,"column":3}},"line":88},"10":{"name":"parseRouteFile","decl":{"start":{"line":119,"column":0},"end":{"line":200,"column":1}},"loc":{"start":{"line":119,"column":0},"end":{"line":200,"column":1}},"line":119},"11":{"name":"loadRouteHandlers","decl":{"start":{"line":202,"column":0},"end":{"line":218,"column":1}},"loc":{"start":{"line":202,"column":0},"end":{"line":218,"column":1}},"line":202}},"f":{"0":45,"1":57,"2":65,"3":0,"4":65,"5":51,"6":45,"7":51,"8":45,"9":57,"10":51,"11":15}}
}
