{"/home/thinkpad/fs-router/packages/fs-router/tsup.config.ts": {"path":"/home/thinkpad/fs-router/packages/fs-router/tsup.config.ts","all":true,"statementMap":{"0":{"start":{"line":1,"column":0},"end":{"line":1,"column":36}},"2":{"start":{"line":3,"column":0},"end":{"line":3,"column":29}},"3":{"start":{"line":4,"column":0},"end":{"line":4,"column":10}},"4":{"start":{"line":5,"column":0},"end":{"line":5,"column":26}},"5":{"start":{"line":6,"column":0},"end":{"line":6,"column":24}},"6":{"start":{"line":7,"column":0},"end":{"line":7,"column":30}},"7":{"start":{"line":8,"column":0},"end":{"line":8,"column":30}},"8":{"start":{"line":9,"column":0},"end":{"line":9,"column":22}},"9":{"start":{"line":10,"column":0},"end":{"line":10,"column":4}},"10":{"start":{"line":11,"column":0},"end":{"line":11,"column":25}},"11":{"start":{"line":12,"column":0},"end":{"line":12,"column":12}},"12":{"start":{"line":13,"column":0},"end":{"line":13,"column":19}},"13":{"start":{"line":14,"column":0},"end":{"line":14,"column":18}},"14":{"start":{"line":15,"column":0},"end":{"line":15,"column":14}},"15":{"start":{"line":16,"column":0},"end":{"line":16,"column":19}},"16":{"start":{"line":17,"column":0},"end":{"line":17,"column":27}},"17":{"start":{"line":18,"column":0},"end":{"line":18,"column":33}},"18":{"start":{"line":19,"column":0},"end":{"line":19,"column":4}},"19":{"start":{"line":20,"column":0},"end":{"line":20,"column":3}}},"s":{"0":0,"2":0,"3":0,"4":0,"5":0,"6":0,"7":0,"8":0,"9":0,"10":0,"11":0,"12":0,"13":0,"14":0,"15":0,"16":0,"17":0,"18":0,"19":0},"branchMap":{"0":{"type":"branch","line":1,"loc":{"start":{"line":1,"column":0},"end":{"line":20,"column":-93}},"locations":[{"start":{"line":1,"column":0},"end":{"line":20,"column":-93}}]}},"b":{"0":[0]},"fnMap":{"0":{"name":"(empty-report)","decl":{"start":{"line":1,"column":0},"end":{"line":20,"column":-93}},"loc":{"start":{"line":1,"column":0},"end":{"line":20,"column":-93}},"line":1}},"f":{"0":0}}
,"/home/thinkpad/fs-router/packages/fs-router/src/adapter.ts": {"path":"/home/thinkpad/fs-router/packages/fs-router/src/adapter.ts","all":true,"statementMap":{},"s":{},"branchMap":{"0":{"type":"branch","line":1,"loc":{"start":{"line":1,"column":363},"end":{"line":8,"column":1}},"locations":[{"start":{"line":1,"column":363},"end":{"line":8,"column":1}}]}},"b":{"0":[1]},"fnMap":{"0":{"name":"(empty-report)","decl":{"start":{"line":1,"column":363},"end":{"line":8,"column":1}},"loc":{"start":{"line":1,"column":363},"end":{"line":8,"column":1}},"line":1}},"f":{"0":1}}
,"/home/thinkpad/fs-router/packages/fs-router/src/express.ts": {"path":"/home/thinkpad/fs-router/packages/fs-router/src/express.ts","all":true,"statementMap":{"0":{"start":{"line":1,"column":0},"end":{"line":1,"column":43}},"5":{"start":{"line":6,"column":0},"end":{"line":6,"column":85}},"6":{"start":{"line":7,"column":0},"end":{"line":7,"column":42}},"7":{"start":{"line":8,"column":0},"end":{"line":8,"column":39}},"8":{"start":{"line":9,"column":0},"end":{"line":9,"column":13}},"9":{"start":{"line":10,"column":0},"end":{"line":10,"column":1}}},"s":{"0":0,"5":0,"6":0,"7":0,"8":0,"9":0},"branchMap":{"0":{"type":"branch","line":1,"loc":{"start":{"line":1,"column":0},"end":{"line":10,"column":-33}},"locations":[{"start":{"line":1,"column":0},"end":{"line":10,"column":-33}}]}},"b":{"0":[0]},"fnMap":{"0":{"name":"(empty-report)","decl":{"start":{"line":1,"column":0},"end":{"line":10,"column":-33}},"loc":{"start":{"line":1,"column":0},"end":{"line":10,"column":-33}},"line":1}},"f":{"0":0}}
,"/home/thinkpad/fs-router/packages/fs-router/src/factory.ts": {"path":"/home/thinkpad/fs-router/packages/fs-router/src/factory.ts","all":false,"statementMap":{"0":{"start":{"line":1,"column":0},"end":{"line":1,"column":61}},"5":{"start":{"line":6,"column":0},"end":{"line":6,"column":41}},"6":{"start":{"line":7,"column":0},"end":{"line":7,"column":34}},"7":{"start":{"line":8,"column":0},"end":{"line":8,"column":24}},"8":{"start":{"line":9,"column":0},"end":{"line":9,"column":18}},"9":{"start":{"line":10,"column":0},"end":{"line":10,"column":48}},"10":{"start":{"line":11,"column":0},"end":{"line":11,"column":56}},"12":{"start":{"line":13,"column":0},"end":{"line":13,"column":31}},"13":{"start":{"line":14,"column":0},"end":{"line":14,"column":35}},"15":{"start":{"line":16,"column":0},"end":{"line":16,"column":93}},"17":{"start":{"line":18,"column":0},"end":{"line":18,"column":62}},"19":{"start":{"line":20,"column":0},"end":{"line":20,"column":29}},"20":{"start":{"line":21,"column":0},"end":{"line":21,"column":67}},"21":{"start":{"line":22,"column":0},"end":{"line":22,"column":20}},"22":{"start":{"line":23,"column":0},"end":{"line":23,"column":61}},"23":{"start":{"line":24,"column":0},"end":{"line":24,"column":57}},"24":{"start":{"line":25,"column":0},"end":{"line":25,"column":7}},"25":{"start":{"line":26,"column":0},"end":{"line":26,"column":12}},"26":{"start":{"line":27,"column":0},"end":{"line":27,"column":45}},"27":{"start":{"line":28,"column":0},"end":{"line":28,"column":71}},"29":{"start":{"line":30,"column":0},"end":{"line":30,"column":91}},"30":{"start":{"line":31,"column":0},"end":{"line":31,"column":94}},"31":{"start":{"line":32,"column":0},"end":{"line":32,"column":91}},"32":{"start":{"line":33,"column":0},"end":{"line":33,"column":100}},"33":{"start":{"line":34,"column":0},"end":{"line":34,"column":97}},"34":{"start":{"line":35,"column":0},"end":{"line":35,"column":103}},"35":{"start":{"line":36,"column":0},"end":{"line":36,"column":94}},"37":{"start":{"line":38,"column":0},"end":{"line":38,"column":50}},"38":{"start":{"line":39,"column":0},"end":{"line":39,"column":64}},"39":{"start":{"line":40,"column":0},"end":{"line":40,"column":53}},"40":{"start":{"line":41,"column":0},"end":{"line":41,"column":51}},"41":{"start":{"line":42,"column":0},"end":{"line":42,"column":7}},"43":{"start":{"line":44,"column":0},"end":{"line":44,"column":35}},"44":{"start":{"line":45,"column":0},"end":{"line":45,"column":99}},"45":{"start":{"line":46,"column":0},"end":{"line":46,"column":99}},"46":{"start":{"line":47,"column":0},"end":{"line":47,"column":7}},"47":{"start":{"line":48,"column":0},"end":{"line":48,"column":5}},"48":{"start":{"line":49,"column":0},"end":{"line":49,"column":3}},"49":{"start":{"line":50,"column":0},"end":{"line":50,"column":1}}},"s":{"0":1,"5":17,"6":17,"7":17,"8":17,"9":17,"10":17,"12":17,"13":20,"15":20,"17":20,"19":20,"20":7,"21":7,"22":7,"23":7,"24":7,"25":20,"26":13,"27":13,"29":13,"30":13,"31":13,"32":13,"33":13,"34":13,"35":13,"37":13,"38":18,"39":18,"40":18,"41":18,"43":13,"44":2,"45":2,"46":2,"47":13,"48":20,"49":17},"branchMap":{"0":{"type":"branch","line":6,"loc":{"start":{"line":6,"column":0},"end":{"line":50,"column":1}},"locations":[{"start":{"line":6,"column":0},"end":{"line":50,"column":1}}]},"1":{"type":"branch","line":11,"loc":{"start":{"line":11,"column":38},"end":{"line":11,"column":54}},"locations":[{"start":{"line":11,"column":38},"end":{"line":11,"column":54}}]},"2":{"type":"branch","line":13,"loc":{"start":{"line":13,"column":30},"end":{"line":49,"column":3}},"locations":[{"start":{"line":13,"column":30},"end":{"line":49,"column":3}}]},"3":{"type":"branch","line":16,"loc":{"start":{"line":16,"column":26},"end":{"line":16,"column":56}},"locations":[{"start":{"line":16,"column":26},"end":{"line":16,"column":56}}]},"4":{"type":"branch","line":16,"loc":{"start":{"line":16,"column":41},"end":{"line":16,"column":65}},"locations":[{"start":{"line":16,"column":41},"end":{"line":16,"column":65}}]},"5":{"type":"branch","line":20,"loc":{"start":{"line":20,"column":28},"end":{"line":26,"column":11}},"locations":[{"start":{"line":20,"column":28},"end":{"line":26,"column":11}}]},"6":{"type":"branch","line":21,"loc":{"start":{"line":21,"column":37},"end":{"line":21,"column":67}},"locations":[{"start":{"line":21,"column":37},"end":{"line":21,"column":67}}]},"7":{"type":"branch","line":26,"loc":{"start":{"line":26,"column":4},"end":{"line":48,"column":5}},"locations":[{"start":{"line":26,"column":4},"end":{"line":48,"column":5}}]},"8":{"type":"branch","line":30,"loc":{"start":{"line":30,"column":30},"end":{"line":30,"column":91}},"locations":[{"start":{"line":30,"column":30},"end":{"line":30,"column":91}}]},"9":{"type":"branch","line":31,"loc":{"start":{"line":31,"column":31},"end":{"line":31,"column":94}},"locations":[{"start":{"line":31,"column":31},"end":{"line":31,"column":94}}]},"10":{"type":"branch","line":32,"loc":{"start":{"line":32,"column":30},"end":{"line":32,"column":91}},"locations":[{"start":{"line":32,"column":30},"end":{"line":32,"column":91}}]},"11":{"type":"branch","line":33,"loc":{"start":{"line":33,"column":33},"end":{"line":33,"column":100}},"locations":[{"start":{"line":33,"column":33},"end":{"line":33,"column":100}}]},"12":{"type":"branch","line":34,"loc":{"start":{"line":34,"column":32},"end":{"line":34,"column":97}},"locations":[{"start":{"line":34,"column":32},"end":{"line":34,"column":97}}]},"13":{"type":"branch","line":35,"loc":{"start":{"line":35,"column":34},"end":{"line":35,"column":103}},"locations":[{"start":{"line":35,"column":34},"end":{"line":35,"column":103}}]},"14":{"type":"branch","line":36,"loc":{"start":{"line":36,"column":31},"end":{"line":36,"column":94}},"locations":[{"start":{"line":36,"column":31},"end":{"line":36,"column":94}}]},"15":{"type":"branch","line":38,"loc":{"start":{"line":38,"column":49},"end":{"line":42,"column":7}},"locations":[{"start":{"line":38,"column":49},"end":{"line":42,"column":7}}]},"16":{"type":"branch","line":44,"loc":{"start":{"line":44,"column":34},"end":{"line":47,"column":7}},"locations":[{"start":{"line":44,"column":34},"end":{"line":47,"column":7}}]},"17":{"type":"branch","line":46,"loc":{"start":{"line":46,"column":53},"end":{"line":46,"column":69}},"locations":[{"start":{"line":46,"column":53},"end":{"line":46,"column":69}}]},"18":{"type":"branch","line":46,"loc":{"start":{"line":46,"column":57},"end":{"line":46,"column":76}},"locations":[{"start":{"line":46,"column":57},"end":{"line":46,"column":76}}]}},"b":{"0":[17],"1":[16],"2":[20],"3":[7],"4":[13],"5":[7],"6":[1],"7":[13],"8":[11],"9":[2],"10":[1],"11":[1],"12":[1],"13":[1],"14":[1],"15":[18],"16":[2],"17":[1],"18":[1]},"fnMap":{"0":{"name":"createRouter","decl":{"start":{"line":6,"column":0},"end":{"line":50,"column":1}},"loc":{"start":{"line":6,"column":0},"end":{"line":50,"column":1}},"line":6}},"f":{"0":17}}
,"/home/thinkpad/fs-router/packages/fs-router/src/fastify.ts": {"path":"/home/thinkpad/fs-router/packages/fs-router/src/fastify.ts","all":true,"statementMap":{"0":{"start":{"line":1,"column":0},"end":{"line":1,"column":47}},"4":{"start":{"line":5,"column":0},"end":{"line":5,"column":0}},"5":{"start":{"line":6,"column":0},"end":{"line":6,"column":89}},"7":{"start":{"line":8,"column":0},"end":{"line":8,"column":39}},"8":{"start":{"line":9,"column":0},"end":{"line":9,"column":13}},"10":{"start":{"line":11,"column":0},"end":{"line":11,"column":0}},"11":{"start":{"line":12,"column":0},"end":{"line":12,"column":106}},"12":{"start":{"line":13,"column":0},"end":{"line":13,"column":43}}},"s":{"0":0,"4":0,"5":0,"7":0,"8":0,"10":0,"11":0,"12":0},"branchMap":{"0":{"type":"branch","line":1,"loc":{"start":{"line":1,"column":0},"end":{"line":14,"column":1}},"locations":[{"start":{"line":1,"column":0},"end":{"line":14,"column":1}}]}},"b":{"0":[0]},"fnMap":{"0":{"name":"(empty-report)","decl":{"start":{"line":1,"column":0},"end":{"line":14,"column":1}},"loc":{"start":{"line":1,"column":0},"end":{"line":14,"column":1}},"line":1}},"f":{"0":0}}
,"/home/thinkpad/fs-router/packages/fs-router/src/hono.ts": {"path":"/home/thinkpad/fs-router/packages/fs-router/src/hono.ts","all":true,"statementMap":{"0":{"start":{"line":1,"column":0},"end":{"line":1,"column":33}},"5":{"start":{"line":6,"column":0},"end":{"line":6,"column":75}},"6":{"start":{"line":7,"column":0},"end":{"line":7,"column":39}},"7":{"start":{"line":8,"column":0},"end":{"line":8,"column":39}},"8":{"start":{"line":9,"column":0},"end":{"line":9,"column":13}},"9":{"start":{"line":10,"column":0},"end":{"line":10,"column":1}}},"s":{"0":0,"5":0,"6":0,"7":0,"8":0,"9":0},"branchMap":{"0":{"type":"branch","line":1,"loc":{"start":{"line":1,"column":0},"end":{"line":10,"column":-33}},"locations":[{"start":{"line":1,"column":0},"end":{"line":10,"column":-33}}]}},"b":{"0":[0]},"fnMap":{"0":{"name":"(empty-report)","decl":{"start":{"line":1,"column":0},"end":{"line":10,"column":-33}},"loc":{"start":{"line":1,"column":0},"end":{"line":10,"column":-33}},"line":1}},"f":{"0":0}}
,"/home/thinkpad/fs-router/packages/fs-router/src/index.ts": {"path":"/home/thinkpad/fs-router/packages/fs-router/src/index.ts","all":true,"statementMap":{"0":{"start":{"line":1,"column":0},"end":{"line":1,"column":61}}},"s":{"0":0},"branchMap":{"0":{"type":"branch","line":1,"loc":{"start":{"line":1,"column":197},"end":{"line":3,"column":47}},"locations":[{"start":{"line":1,"column":197},"end":{"line":3,"column":47}}]}},"b":{"0":[0]},"fnMap":{"0":{"name":"(empty-report)","decl":{"start":{"line":1,"column":197},"end":{"line":3,"column":47}},"loc":{"start":{"line":1,"column":197},"end":{"line":3,"column":47}},"line":1}},"f":{"0":0}}
,"/home/thinkpad/fs-router/packages/fs-router/src/koa.ts": {"path":"/home/thinkpad/fs-router/packages/fs-router/src/koa.ts","all":true,"statementMap":{"0":{"start":{"line":1,"column":0},"end":{"line":1,"column":38}},"5":{"start":{"line":6,"column":0},"end":{"line":6,"column":79}},"6":{"start":{"line":7,"column":0},"end":{"line":7,"column":41}},"7":{"start":{"line":8,"column":0},"end":{"line":8,"column":39}},"8":{"start":{"line":9,"column":0},"end":{"line":9,"column":16}},"9":{"start":{"line":10,"column":0},"end":{"line":10,"column":1}}},"s":{"0":0,"5":0,"6":0,"7":0,"8":0,"9":0},"branchMap":{"0":{"type":"branch","line":1,"loc":{"start":{"line":1,"column":0},"end":{"line":10,"column":-36}},"locations":[{"start":{"line":1,"column":0},"end":{"line":10,"column":-36}}]}},"b":{"0":[0]},"fnMap":{"0":{"name":"(empty-report)","decl":{"start":{"line":1,"column":0},"end":{"line":10,"column":-36}},"loc":{"start":{"line":1,"column":0},"end":{"line":10,"column":-36}},"line":1}},"f":{"0":0}}
,"/home/thinkpad/fs-router/packages/fs-router/src/logger.ts": {"path":"/home/thinkpad/fs-router/packages/fs-router/src/logger.ts","all":false,"statementMap":{"5":{"start":{"line":6,"column":0},"end":{"line":6,"column":56}},"6":{"start":{"line":7,"column":0},"end":{"line":7,"column":10}},"7":{"start":{"line":8,"column":0},"end":{"line":8,"column":76}},"8":{"start":{"line":9,"column":0},"end":{"line":9,"column":20}},"9":{"start":{"line":10,"column":0},"end":{"line":10,"column":67}},"10":{"start":{"line":11,"column":0},"end":{"line":11,"column":7}},"11":{"start":{"line":12,"column":0},"end":{"line":12,"column":6}},"12":{"start":{"line":13,"column":0},"end":{"line":13,"column":65}},"13":{"start":{"line":14,"column":0},"end":{"line":14,"column":20}},"14":{"start":{"line":15,"column":0},"end":{"line":15,"column":61}},"15":{"start":{"line":16,"column":0},"end":{"line":16,"column":68}},"16":{"start":{"line":17,"column":0},"end":{"line":17,"column":7}},"17":{"start":{"line":18,"column":0},"end":{"line":18,"column":5}},"18":{"start":{"line":19,"column":0},"end":{"line":19,"column":4}},"19":{"start":{"line":20,"column":0},"end":{"line":20,"column":1}}},"s":{"5":1,"6":28,"7":28,"8":25,"9":4,"10":4,"11":25,"12":28,"13":35,"14":7,"15":7,"16":7,"17":35,"18":28,"19":28},"branchMap":{"0":{"type":"branch","line":6,"loc":{"start":{"line":6,"column":7},"end":{"line":20,"column":1}},"locations":[{"start":{"line":6,"column":7},"end":{"line":20,"column":1}}]},"1":{"type":"branch","line":8,"loc":{"start":{"line":8,"column":4},"end":{"line":12,"column":6}},"locations":[{"start":{"line":8,"column":4},"end":{"line":12,"column":6}}]},"2":{"type":"branch","line":9,"loc":{"start":{"line":9,"column":19},"end":{"line":11,"column":7}},"locations":[{"start":{"line":9,"column":19},"end":{"line":11,"column":7}}]},"3":{"type":"branch","line":13,"loc":{"start":{"line":13,"column":4},"end":{"line":18,"column":5}},"locations":[{"start":{"line":13,"column":4},"end":{"line":18,"column":5}}]},"4":{"type":"branch","line":14,"loc":{"start":{"line":14,"column":19},"end":{"line":17,"column":7}},"locations":[{"start":{"line":14,"column":19},"end":{"line":17,"column":7}}]},"5":{"type":"branch","line":15,"loc":{"start":{"line":15,"column":23},"end":{"line":15,"column":58}},"locations":[{"start":{"line":15,"column":23},"end":{"line":15,"column":58}}]},"6":{"type":"branch","line":15,"loc":{"start":{"line":15,"column":35},"end":{"line":15,"column":61}},"locations":[{"start":{"line":15,"column":35},"end":{"line":15,"column":61}}]}},"b":{"0":[28],"1":[25],"2":[4],"3":[35],"4":[7],"5":[2],"6":[5]},"fnMap":{"0":{"name":"createLogger","decl":{"start":{"line":6,"column":7},"end":{"line":20,"column":1}},"loc":{"start":{"line":6,"column":7},"end":{"line":20,"column":1}},"line":6},"1":{"name":"logRoute","decl":{"start":{"line":8,"column":4},"end":{"line":12,"column":6}},"loc":{"start":{"line":8,"column":4},"end":{"line":12,"column":6}},"line":8},"2":{"name":"logHandler","decl":{"start":{"line":13,"column":4},"end":{"line":18,"column":5}},"loc":{"start":{"line":13,"column":4},"end":{"line":18,"column":5}},"line":13}},"f":{"0":28,"1":25,"2":35}}
,"/home/thinkpad/fs-router/packages/fs-router/src/parser.ts": {"path":"/home/thinkpad/fs-router/packages/fs-router/src/parser.ts","all":false,"statementMap":{"0":{"start":{"line":1,"column":0},"end":{"line":1,"column":48}},"4":{"start":{"line":5,"column":0},"end":{"line":5,"column":63}},"5":{"start":{"line":6,"column":0},"end":{"line":6,"column":48}},"6":{"start":{"line":7,"column":0},"end":{"line":7,"column":35}},"8":{"start":{"line":9,"column":0},"end":{"line":9,"column":39}},"9":{"start":{"line":10,"column":0},"end":{"line":10,"column":37}},"11":{"start":{"line":12,"column":0},"end":{"line":12,"column":34}},"12":{"start":{"line":13,"column":0},"end":{"line":13,"column":40}},"13":{"start":{"line":14,"column":0},"end":{"line":14,"column":38}},"15":{"start":{"line":16,"column":0},"end":{"line":16,"column":31}},"16":{"start":{"line":17,"column":0},"end":{"line":17,"column":32}},"17":{"start":{"line":18,"column":0},"end":{"line":18,"column":79}},"18":{"start":{"line":19,"column":0},"end":{"line":19,"column":88}},"19":{"start":{"line":20,"column":0},"end":{"line":20,"column":58}},"20":{"start":{"line":21,"column":0},"end":{"line":21,"column":20}},"21":{"start":{"line":22,"column":0},"end":{"line":22,"column":29}},"22":{"start":{"line":23,"column":0},"end":{"line":23,"column":9}},"23":{"start":{"line":24,"column":0},"end":{"line":24,"column":7}},"24":{"start":{"line":25,"column":0},"end":{"line":25,"column":5}},"25":{"start":{"line":26,"column":0},"end":{"line":26,"column":3}},"27":{"start":{"line":28,"column":0},"end":{"line":28,"column":27}},"28":{"start":{"line":29,"column":0},"end":{"line":29,"column":32}},"29":{"start":{"line":30,"column":0},"end":{"line":30,"column":53}},"30":{"start":{"line":31,"column":0},"end":{"line":31,"column":52}},"31":{"start":{"line":32,"column":0},"end":{"line":32,"column":44}},"32":{"start":{"line":33,"column":0},"end":{"line":33,"column":44}},"33":{"start":{"line":34,"column":0},"end":{"line":34,"column":50}},"34":{"start":{"line":35,"column":0},"end":{"line":35,"column":40}},"35":{"start":{"line":36,"column":0},"end":{"line":36,"column":5}},"36":{"start":{"line":37,"column":0},"end":{"line":37,"column":1}},"38":{"start":{"line":39,"column":0},"end":{"line":39,"column":82}},"39":{"start":{"line":40,"column":0},"end":{"line":40,"column":53}},"40":{"start":{"line":41,"column":0},"end":{"line":41,"column":98}},"42":{"start":{"line":43,"column":0},"end":{"line":43,"column":29}},"43":{"start":{"line":44,"column":0},"end":{"line":44,"column":42}},"44":{"start":{"line":45,"column":0},"end":{"line":45,"column":38}},"46":{"start":{"line":47,"column":0},"end":{"line":47,"column":36}},"47":{"start":{"line":48,"column":0},"end":{"line":48,"column":34}},"48":{"start":{"line":49,"column":0},"end":{"line":49,"column":38}},"50":{"start":{"line":51,"column":0},"end":{"line":51,"column":29}},"51":{"start":{"line":52,"column":0},"end":{"line":52,"column":37}},"53":{"start":{"line":54,"column":0},"end":{"line":54,"column":37}},"54":{"start":{"line":55,"column":0},"end":{"line":55,"column":64}},"55":{"start":{"line":56,"column":0},"end":{"line":56,"column":47}},"56":{"start":{"line":57,"column":0},"end":{"line":57,"column":35}},"57":{"start":{"line":58,"column":0},"end":{"line":58,"column":33}},"58":{"start":{"line":59,"column":0},"end":{"line":59,"column":68}},"59":{"start":{"line":60,"column":0},"end":{"line":60,"column":47}},"60":{"start":{"line":61,"column":0},"end":{"line":61,"column":35}},"61":{"start":{"line":62,"column":0},"end":{"line":62,"column":45}},"62":{"start":{"line":63,"column":0},"end":{"line":63,"column":27}},"63":{"start":{"line":64,"column":0},"end":{"line":64,"column":37}},"64":{"start":{"line":65,"column":0},"end":{"line":65,"column":7}},"65":{"start":{"line":66,"column":0},"end":{"line":66,"column":5}},"66":{"start":{"line":67,"column":0},"end":{"line":67,"column":3}},"68":{"start":{"line":69,"column":0},"end":{"line":69,"column":44}},"69":{"start":{"line":70,"column":0},"end":{"line":70,"column":35}},"71":{"start":{"line":72,"column":0},"end":{"line":72,"column":45}},"72":{"start":{"line":73,"column":0},"end":{"line":73,"column":23}},"73":{"start":{"line":74,"column":0},"end":{"line":74,"column":3}},"75":{"start":{"line":76,"column":0},"end":{"line":76,"column":10}},"76":{"start":{"line":77,"column":0},"end":{"line":77,"column":9}},"77":{"start":{"line":78,"column":0},"end":{"line":78,"column":18}},"78":{"start":{"line":79,"column":0},"end":{"line":79,"column":15}},"79":{"start":{"line":80,"column":0},"end":{"line":80,"column":13}},"80":{"start":{"line":81,"column":0},"end":{"line":81,"column":17}},"81":{"start":{"line":82,"column":0},"end":{"line":82,"column":17}},"82":{"start":{"line":83,"column":0},"end":{"line":83,"column":29}},"83":{"start":{"line":84,"column":0},"end":{"line":84,"column":4}},"84":{"start":{"line":85,"column":0},"end":{"line":85,"column":1}},"86":{"start":{"line":87,"column":0},"end":{"line":87,"column":83}},"87":{"start":{"line":88,"column":0},"end":{"line":88,"column":46}},"89":{"start":{"line":90,"column":0},"end":{"line":90,"column":20}},"90":{"start":{"line":91,"column":0},"end":{"line":91,"column":20}},"91":{"start":{"line":92,"column":0},"end":{"line":92,"column":22}},"92":{"start":{"line":93,"column":0},"end":{"line":93,"column":20}},"93":{"start":{"line":94,"column":0},"end":{"line":94,"column":26}},"94":{"start":{"line":95,"column":0},"end":{"line":95,"column":24}},"95":{"start":{"line":96,"column":0},"end":{"line":96,"column":22}},"96":{"start":{"line":97,"column":0},"end":{"line":97,"column":28}},"97":{"start":{"line":98,"column":0},"end":{"line":98,"column":27}},"98":{"start":{"line":99,"column":0},"end":{"line":99,"column":4}},"100":{"start":{"line":101,"column":0},"end":{"line":101,"column":15}},"101":{"start":{"line":102,"column":0},"end":{"line":102,"column":1}}},"s":{"0":1,"4":1,"5":38,"6":38,"8":38,"9":47,"11":47,"12":56,"13":56,"15":56,"16":9,"17":56,"18":47,"19":45,"20":45,"21":45,"22":45,"23":45,"24":56,"25":47,"27":38,"28":38,"29":13,"30":13,"31":7,"32":7,"33":13,"34":6,"35":38,"36":38,"38":45,"39":45,"40":45,"42":45,"43":45,"44":45,"46":45,"47":45,"48":45,"50":45,"51":54,"53":54,"54":59,"55":0,"56":0,"57":0,"58":59,"59":5,"60":5,"61":5,"62":59,"63":54,"64":54,"65":59,"66":54,"68":45,"69":45,"71":45,"72":11,"73":11,"75":45,"76":45,"77":45,"78":45,"79":45,"80":45,"81":45,"82":45,"83":45,"84":45,"86":25,"87":25,"89":25,"90":25,"91":25,"92":25,"93":25,"94":25,"95":25,"96":25,"97":25,"98":25,"100":25,"101":25},"branchMap":{"0":{"type":"branch","line":5,"loc":{"start":{"line":5,"column":7},"end":{"line":37,"column":1}},"locations":[{"start":{"line":5,"column":7},"end":{"line":37,"column":1}}]},"1":{"type":"branch","line":9,"loc":{"start":{"line":9,"column":2},"end":{"line":26,"column":3}},"locations":[{"start":{"line":9,"column":2},"end":{"line":26,"column":3}}]},"2":{"type":"branch","line":12,"loc":{"start":{"line":12,"column":33},"end":{"line":25,"column":5}},"locations":[{"start":{"line":12,"column":33},"end":{"line":25,"column":5}}]},"3":{"type":"branch","line":16,"loc":{"start":{"line":16,"column":30},"end":{"line":18,"column":17}},"locations":[{"start":{"line":16,"column":30},"end":{"line":18,"column":17}}]},"4":{"type":"branch","line":18,"loc":{"start":{"line":18,"column":6},"end":{"line":24,"column":7}},"locations":[{"start":{"line":18,"column":6},"end":{"line":24,"column":7}}]},"5":{"type":"branch","line":18,"loc":{"start":{"line":18,"column":43},"end":{"line":18,"column":79}},"locations":[{"start":{"line":18,"column":43},"end":{"line":18,"column":79}}]},"6":{"type":"branch","line":18,"loc":{"start":{"line":18,"column":74},"end":{"line":19,"column":53}},"locations":[{"start":{"line":18,"column":74},"end":{"line":19,"column":53}}]},"7":{"type":"branch","line":19,"loc":{"start":{"line":19,"column":48},"end":{"line":19,"column":87}},"locations":[{"start":{"line":19,"column":48},"end":{"line":19,"column":87}}]},"8":{"type":"branch","line":19,"loc":{"start":{"line":19,"column":87},"end":{"line":24,"column":7}},"locations":[{"start":{"line":19,"column":87},"end":{"line":24,"column":7}}]},"9":{"type":"branch","line":29,"loc":{"start":{"line":29,"column":21},"end":{"line":36,"column":3}},"locations":[{"start":{"line":29,"column":21},"end":{"line":36,"column":3}}]},"10":{"type":"branch","line":30,"loc":{"start":{"line":30,"column":10},"end":{"line":30,"column":43}},"locations":[{"start":{"line":30,"column":10},"end":{"line":30,"column":43}}]},"11":{"type":"branch","line":30,"loc":{"start":{"line":30,"column":43},"end":{"line":30,"column":53}},"locations":[{"start":{"line":30,"column":43},"end":{"line":30,"column":53}}]},"12":{"type":"branch","line":31,"loc":{"start":{"line":31,"column":11},"end":{"line":31,"column":43}},"locations":[{"start":{"line":31,"column":11},"end":{"line":31,"column":43}}]},"13":{"type":"branch","line":31,"loc":{"start":{"line":31,"column":43},"end":{"line":31,"column":52}},"locations":[{"start":{"line":31,"column":43},"end":{"line":31,"column":52}}]},"14":{"type":"branch","line":31,"loc":{"start":{"line":31,"column":50},"end":{"line":34,"column":34}},"locations":[{"start":{"line":31,"column":50},"end":{"line":34,"column":34}}]},"15":{"type":"branch","line":34,"loc":{"start":{"line":34,"column":27},"end":{"line":34,"column":50}},"locations":[{"start":{"line":34,"column":27},"end":{"line":34,"column":50}}]},"16":{"type":"branch","line":34,"loc":{"start":{"line":34,"column":43},"end":{"line":35,"column":40}},"locations":[{"start":{"line":34,"column":43},"end":{"line":35,"column":40}}]},"17":{"type":"branch","line":39,"loc":{"start":{"line":39,"column":0},"end":{"line":85,"column":1}},"locations":[{"start":{"line":39,"column":0},"end":{"line":85,"column":1}}]},"18":{"type":"branch","line":41,"loc":{"start":{"line":41,"column":57},"end":{"line":41,"column":98}},"locations":[{"start":{"line":41,"column":57},"end":{"line":41,"column":98}}]},"19":{"type":"branch","line":51,"loc":{"start":{"line":51,"column":28},"end":{"line":67,"column":3}},"locations":[{"start":{"line":51,"column":28},"end":{"line":67,"column":3}}]},"20":{"type":"branch","line":54,"loc":{"start":{"line":54,"column":36},"end":{"line":66,"column":5}},"locations":[{"start":{"line":54,"column":36},"end":{"line":66,"column":5}}]},"21":{"type":"branch","line":55,"loc":{"start":{"line":55,"column":35},"end":{"line":55,"column":63}},"locations":[{"start":{"line":55,"column":35},"end":{"line":55,"column":63}}]},"22":{"type":"branch","line":55,"loc":{"start":{"line":55,"column":63},"end":{"line":59,"column":17}},"locations":[{"start":{"line":55,"column":63},"end":{"line":59,"column":17}}]},"23":{"type":"branch","line":59,"loc":{"start":{"line":59,"column":39},"end":{"line":59,"column":67}},"locations":[{"start":{"line":59,"column":39},"end":{"line":59,"column":67}}]},"24":{"type":"branch","line":59,"loc":{"start":{"line":59,"column":67},"end":{"line":63,"column":17}},"locations":[{"start":{"line":59,"column":67},"end":{"line":63,"column":17}}]},"25":{"type":"branch","line":63,"loc":{"start":{"line":63,"column":6},"end":{"line":65,"column":7}},"locations":[{"start":{"line":63,"column":6},"end":{"line":65,"column":7}}]},"26":{"type":"branch","line":72,"loc":{"start":{"line":72,"column":6},"end":{"line":72,"column":44}},"locations":[{"start":{"line":72,"column":6},"end":{"line":72,"column":44}}]},"27":{"type":"branch","line":72,"loc":{"start":{"line":72,"column":44},"end":{"line":74,"column":3}},"locations":[{"start":{"line":72,"column":44},"end":{"line":74,"column":3}}]},"28":{"type":"branch","line":87,"loc":{"start":{"line":87,"column":0},"end":{"line":102,"column":1}},"locations":[{"start":{"line":87,"column":0},"end":{"line":102,"column":1}}]}},"b":{"0":[38],"1":[47],"2":[56],"3":[9],"4":[47],"5":[14],"6":[13],"7":[3],"8":[45],"9":[13],"10":[1],"11":[0],"12":[12],"13":[6],"14":[7],"15":[1],"16":[6],"17":[45],"18":[35],"19":[54],"20":[59],"21":[0],"22":[0],"23":[5],"24":[5],"25":[54],"26":[11],"27":[11],"28":[25]},"fnMap":{"0":{"name":"parseRoutes","decl":{"start":{"line":5,"column":7},"end":{"line":37,"column":1}},"loc":{"start":{"line":5,"column":7},"end":{"line":37,"column":1}},"line":5},"1":{"name":"scanDirectory","decl":{"start":{"line":9,"column":2},"end":{"line":26,"column":3}},"loc":{"start":{"line":9,"column":2},"end":{"line":26,"column":3}},"line":9},"2":{"name":"parseRouteFile","decl":{"start":{"line":39,"column":0},"end":{"line":85,"column":1}},"loc":{"start":{"line":39,"column":0},"end":{"line":85,"column":1}},"line":39},"3":{"name":"loadRouteHandlers","decl":{"start":{"line":87,"column":0},"end":{"line":102,"column":1}},"loc":{"start":{"line":87,"column":0},"end":{"line":102,"column":1}},"line":87}},"f":{"0":38,"1":47,"2":45,"3":25}}
,"/home/thinkpad/fs-router/packages/fs-router/src/types.js": {"path":"/home/thinkpad/fs-router/packages/fs-router/src/types.js","all":true,"statementMap":{"0":{"start":{"line":1,"column":0},"end":{"line":1,"column":10}}},"s":{"0":0},"branchMap":{"0":{"type":"branch","line":1,"loc":{"start":{"line":1,"column":10},"end":{"line":1,"column":10}},"locations":[{"start":{"line":1,"column":10},"end":{"line":1,"column":10}}]}},"b":{"0":[0]},"fnMap":{"0":{"name":"(empty-report)","decl":{"start":{"line":1,"column":10},"end":{"line":1,"column":10}},"loc":{"start":{"line":1,"column":10},"end":{"line":1,"column":10}},"line":1}},"f":{"0":0}}
,"/home/thinkpad/fs-router/packages/fs-router/src/types.ts": {"path":"/home/thinkpad/fs-router/packages/fs-router/src/types.ts","all":true,"statementMap":{},"s":{},"branchMap":{"0":{"type":"branch","line":1,"loc":{"start":{"line":1,"column":553},"end":{"line":27,"column":1}},"locations":[{"start":{"line":1,"column":553},"end":{"line":27,"column":1}}]}},"b":{"0":[1]},"fnMap":{"0":{"name":"(empty-report)","decl":{"start":{"line":1,"column":553},"end":{"line":27,"column":1}},"loc":{"start":{"line":1,"column":553},"end":{"line":27,"column":1}},"line":1}},"f":{"0":1}}
,"/home/thinkpad/fs-router/packages/fs-router/src/adapters/express.ts": {"path":"/home/thinkpad/fs-router/packages/fs-router/src/adapters/express.ts","all":false,"statementMap":{"3":{"start":{"line":4,"column":0},"end":{"line":4,"column":70}},"4":{"start":{"line":5,"column":0},"end":{"line":5,"column":42}},"6":{"start":{"line":7,"column":0},"end":{"line":7,"column":61}},"7":{"start":{"line":8,"column":0},"end":{"line":8,"column":39}},"8":{"start":{"line":9,"column":0},"end":{"line":9,"column":3}},"10":{"start":{"line":11,"column":0},"end":{"line":11,"column":72}},"11":{"start":{"line":12,"column":0},"end":{"line":12,"column":59}},"12":{"start":{"line":13,"column":0},"end":{"line":13,"column":3}},"14":{"start":{"line":15,"column":0},"end":{"line":15,"column":94}},"15":{"start":{"line":16,"column":0},"end":{"line":16,"column":84}},"16":{"start":{"line":17,"column":0},"end":{"line":17,"column":84}},"18":{"start":{"line":19,"column":0},"end":{"line":19,"column":44}},"19":{"start":{"line":20,"column":0},"end":{"line":20,"column":47}},"20":{"start":{"line":21,"column":0},"end":{"line":21,"column":5}},"21":{"start":{"line":22,"column":0},"end":{"line":22,"column":3}},"23":{"start":{"line":24,"column":0},"end":{"line":24,"column":39}},"24":{"start":{"line":25,"column":0},"end":{"line":25,"column":36}},"25":{"start":{"line":26,"column":0},"end":{"line":26,"column":3}},"26":{"start":{"line":27,"column":0},"end":{"line":27,"column":1}}},"s":{"3":1,"4":1,"6":1,"7":1,"8":1,"10":1,"11":7,"12":7,"14":1,"15":2,"16":2,"18":2,"19":12,"20":12,"21":2,"23":1,"24":3,"25":3,"26":1},"branchMap":{"0":{"type":"branch","line":5,"loc":{"start":{"line":5,"column":2},"end":{"line":5,"column":42}},"locations":[{"start":{"line":5,"column":2},"end":{"line":5,"column":42}}]},"1":{"type":"branch","line":7,"loc":{"start":{"line":7,"column":2},"end":{"line":9,"column":3}},"locations":[{"start":{"line":7,"column":2},"end":{"line":9,"column":3}}]},"2":{"type":"branch","line":11,"loc":{"start":{"line":11,"column":2},"end":{"line":13,"column":3}},"locations":[{"start":{"line":11,"column":2},"end":{"line":13,"column":3}}]},"3":{"type":"branch","line":15,"loc":{"start":{"line":15,"column":2},"end":{"line":22,"column":3}},"locations":[{"start":{"line":15,"column":2},"end":{"line":22,"column":3}}]},"4":{"type":"branch","line":19,"loc":{"start":{"line":19,"column":43},"end":{"line":21,"column":5}},"locations":[{"start":{"line":19,"column":43},"end":{"line":21,"column":5}}]},"5":{"type":"branch","line":17,"loc":{"start":{"line":17,"column":47},"end":{"line":17,"column":82}},"locations":[{"start":{"line":17,"column":47},"end":{"line":17,"column":82}}]},"6":{"type":"branch","line":24,"loc":{"start":{"line":24,"column":2},"end":{"line":26,"column":3}},"locations":[{"start":{"line":24,"column":2},"end":{"line":26,"column":3}}]}},"b":{"0":[13],"1":[1],"2":[7],"3":[2],"4":[12],"5":[14],"6":[3]},"fnMap":{"0":{"name":"ExpressAdapter","decl":{"start":{"line":5,"column":2},"end":{"line":5,"column":42}},"loc":{"start":{"line":5,"column":2},"end":{"line":5,"column":42}},"line":5},"1":{"name":"registerMiddleware","decl":{"start":{"line":7,"column":2},"end":{"line":9,"column":3}},"loc":{"start":{"line":7,"column":2},"end":{"line":9,"column":3}},"line":7},"2":{"name":"registerRoute","decl":{"start":{"line":11,"column":2},"end":{"line":13,"column":3}},"loc":{"start":{"line":11,"column":2},"end":{"line":13,"column":3}},"line":11},"3":{"name":"registerDefaultHandler","decl":{"start":{"line":15,"column":2},"end":{"line":22,"column":3}},"loc":{"start":{"line":15,"column":2},"end":{"line":22,"column":3}},"line":15},"4":{"name":"transformPath","decl":{"start":{"line":24,"column":2},"end":{"line":26,"column":3}},"loc":{"start":{"line":24,"column":2},"end":{"line":26,"column":3}},"line":24}},"f":{"0":13,"1":1,"2":7,"3":2,"4":3}}
,"/home/thinkpad/fs-router/packages/fs-router/src/adapters/fastify.ts": {"path":"/home/thinkpad/fs-router/packages/fs-router/src/adapters/fastify.ts","all":false,"statementMap":{"3":{"start":{"line":4,"column":0},"end":{"line":4,"column":74}},"4":{"start":{"line":5,"column":0},"end":{"line":5,"column":46}},"6":{"start":{"line":7,"column":0},"end":{"line":7,"column":61}},"7":{"start":{"line":8,"column":0},"end":{"line":8,"column":74}},"8":{"start":{"line":9,"column":0},"end":{"line":9,"column":91}},"9":{"start":{"line":10,"column":0},"end":{"line":10,"column":51}},"10":{"start":{"line":11,"column":0},"end":{"line":11,"column":38}},"11":{"start":{"line":12,"column":0},"end":{"line":12,"column":7}},"12":{"start":{"line":13,"column":0},"end":{"line":13,"column":7}},"13":{"start":{"line":14,"column":0},"end":{"line":14,"column":3}},"15":{"start":{"line":16,"column":0},"end":{"line":16,"column":72}},"16":{"start":{"line":17,"column":0},"end":{"line":17,"column":66}},"17":{"start":{"line":18,"column":0},"end":{"line":18,"column":3}},"19":{"start":{"line":20,"column":0},"end":{"line":20,"column":94}},"20":{"start":{"line":21,"column":0},"end":{"line":21,"column":41}},"21":{"start":{"line":22,"column":0},"end":{"line":22,"column":41}},"22":{"start":{"line":23,"column":0},"end":{"line":23,"column":12}},"23":{"start":{"line":24,"column":0},"end":{"line":24,"column":92}},"24":{"start":{"line":25,"column":0},"end":{"line":25,"column":91}},"26":{"start":{"line":27,"column":0},"end":{"line":27,"column":85}},"27":{"start":{"line":28,"column":0},"end":{"line":28,"column":70}},"28":{"start":{"line":29,"column":0},"end":{"line":29,"column":7}},"30":{"start":{"line":31,"column":0},"end":{"line":31,"column":46}},"31":{"start":{"line":32,"column":0},"end":{"line":32,"column":24}},"32":{"start":{"line":33,"column":0},"end":{"line":33,"column":17}},"33":{"start":{"line":34,"column":0},"end":{"line":34,"column":20}},"34":{"start":{"line":35,"column":0},"end":{"line":35,"column":33}},"35":{"start":{"line":36,"column":0},"end":{"line":36,"column":11}},"36":{"start":{"line":37,"column":0},"end":{"line":37,"column":7}},"37":{"start":{"line":38,"column":0},"end":{"line":38,"column":5}},"38":{"start":{"line":39,"column":0},"end":{"line":39,"column":3}},"40":{"start":{"line":41,"column":0},"end":{"line":41,"column":39}},"41":{"start":{"line":42,"column":0},"end":{"line":42,"column":16}},"42":{"start":{"line":43,"column":0},"end":{"line":43,"column":3}},"43":{"start":{"line":44,"column":0},"end":{"line":44,"column":1}}},"s":{"3":1,"4":1,"6":1,"7":3,"8":3,"9":2,"10":1,"11":1,"12":3,"13":3,"15":1,"16":5,"17":5,"19":1,"20":4,"21":1,"22":4,"23":3,"24":3,"26":3,"27":2,"28":2,"30":3,"31":15,"32":15,"33":15,"34":15,"35":15,"36":15,"37":3,"38":4,"40":1,"41":2,"42":2,"43":1},"branchMap":{"0":{"type":"branch","line":5,"loc":{"start":{"line":5,"column":2},"end":{"line":5,"column":46}},"locations":[{"start":{"line":5,"column":2},"end":{"line":5,"column":46}}]},"1":{"type":"branch","line":7,"loc":{"start":{"line":7,"column":2},"end":{"line":14,"column":3}},"locations":[{"start":{"line":7,"column":2},"end":{"line":14,"column":3}}]},"2":{"type":"branch","line":8,"loc":{"start":{"line":8,"column":65},"end":{"line":8,"column":74}},"locations":[{"start":{"line":8,"column":65},"end":{"line":8,"column":74}}]},"3":{"type":"branch","line":9,"loc":{"start":{"line":9,"column":34},"end":{"line":13,"column":5}},"locations":[{"start":{"line":9,"column":34},"end":{"line":13,"column":5}}]},"4":{"type":"branch","line":10,"loc":{"start":{"line":10,"column":50},"end":{"line":12,"column":7}},"locations":[{"start":{"line":10,"column":50},"end":{"line":12,"column":7}}]},"5":{"type":"branch","line":16,"loc":{"start":{"line":16,"column":2},"end":{"line":18,"column":3}},"locations":[{"start":{"line":16,"column":2},"end":{"line":18,"column":3}}]},"6":{"type":"branch","line":20,"loc":{"start":{"line":20,"column":2},"end":{"line":39,"column":3}},"locations":[{"start":{"line":20,"column":2},"end":{"line":39,"column":3}}]},"7":{"type":"branch","line":21,"loc":{"start":{"line":21,"column":40},"end":{"line":23,"column":11}},"locations":[{"start":{"line":21,"column":40},"end":{"line":23,"column":11}}]},"8":{"type":"branch","line":23,"loc":{"start":{"line":23,"column":4},"end":{"line":38,"column":5}},"locations":[{"start":{"line":23,"column":4},"end":{"line":38,"column":5}}]},"9":{"type":"branch","line":27,"loc":{"start":{"line":27,"column":42},"end":{"line":27,"column":84}},"locations":[{"start":{"line":27,"column":42},"end":{"line":27,"column":84}}]},"10":{"type":"branch","line":27,"loc":{"start":{"line":27,"column":84},"end":{"line":29,"column":7}},"locations":[{"start":{"line":27,"column":84},"end":{"line":29,"column":7}}]},"11":{"type":"branch","line":31,"loc":{"start":{"line":31,"column":45},"end":{"line":37,"column":7}},"locations":[{"start":{"line":31,"column":45},"end":{"line":37,"column":7}}]},"12":{"type":"branch","line":25,"loc":{"start":{"line":25,"column":44},"end":{"line":25,"column":89}},"locations":[{"start":{"line":25,"column":44},"end":{"line":25,"column":89}}]},"13":{"type":"branch","line":28,"loc":{"start":{"line":28,"column":51},"end":{"line":28,"column":68}},"locations":[{"start":{"line":28,"column":51},"end":{"line":28,"column":68}}]},"14":{"type":"branch","line":41,"loc":{"start":{"line":41,"column":2},"end":{"line":43,"column":3}},"locations":[{"start":{"line":41,"column":2},"end":{"line":43,"column":3}}]}},"b":{"0":[14],"1":[3],"2":[0],"3":[2],"4":[1],"5":[5],"6":[4],"7":[1],"8":[3],"9":[2],"10":[2],"11":[15],"12":[21],"13":[11],"14":[2]},"fnMap":{"0":{"name":"FastifyAdapter","decl":{"start":{"line":5,"column":2},"end":{"line":5,"column":46}},"loc":{"start":{"line":5,"column":2},"end":{"line":5,"column":46}},"line":5},"1":{"name":"registerMiddleware","decl":{"start":{"line":7,"column":2},"end":{"line":14,"column":3}},"loc":{"start":{"line":7,"column":2},"end":{"line":14,"column":3}},"line":7},"2":{"name":"registerRoute","decl":{"start":{"line":16,"column":2},"end":{"line":18,"column":3}},"loc":{"start":{"line":16,"column":2},"end":{"line":18,"column":3}},"line":16},"3":{"name":"registerDefaultHandler","decl":{"start":{"line":20,"column":2},"end":{"line":39,"column":3}},"loc":{"start":{"line":20,"column":2},"end":{"line":39,"column":3}},"line":20},"4":{"name":"transformPath","decl":{"start":{"line":41,"column":2},"end":{"line":43,"column":3}},"loc":{"start":{"line":41,"column":2},"end":{"line":43,"column":3}},"line":41}},"f":{"0":14,"1":3,"2":5,"3":4,"4":2}}
,"/home/thinkpad/fs-router/packages/fs-router/src/adapters/hono.ts": {"path":"/home/thinkpad/fs-router/packages/fs-router/src/adapters/hono.ts","all":false,"statementMap":{"3":{"start":{"line":4,"column":0},"end":{"line":4,"column":60}},"4":{"start":{"line":5,"column":0},"end":{"line":5,"column":35}},"6":{"start":{"line":7,"column":0},"end":{"line":7,"column":61}},"7":{"start":{"line":8,"column":0},"end":{"line":8,"column":39}},"8":{"start":{"line":9,"column":0},"end":{"line":9,"column":3}},"10":{"start":{"line":11,"column":0},"end":{"line":11,"column":72}},"11":{"start":{"line":12,"column":0},"end":{"line":12,"column":45}},"12":{"start":{"line":13,"column":0},"end":{"line":13,"column":33}},"13":{"start":{"line":14,"column":0},"end":{"line":14,"column":48}},"14":{"start":{"line":15,"column":0},"end":{"line":15,"column":12}},"15":{"start":{"line":16,"column":0},"end":{"line":16,"column":59}},"16":{"start":{"line":17,"column":0},"end":{"line":17,"column":5}},"17":{"start":{"line":18,"column":0},"end":{"line":18,"column":3}},"19":{"start":{"line":20,"column":0},"end":{"line":20,"column":94}},"20":{"start":{"line":21,"column":0},"end":{"line":21,"column":41}},"21":{"start":{"line":22,"column":0},"end":{"line":22,"column":41}},"22":{"start":{"line":23,"column":0},"end":{"line":23,"column":12}},"23":{"start":{"line":24,"column":0},"end":{"line":24,"column":92}},"24":{"start":{"line":25,"column":0},"end":{"line":25,"column":93}},"26":{"start":{"line":27,"column":0},"end":{"line":27,"column":46}},"27":{"start":{"line":28,"column":0},"end":{"line":28,"column":50}},"28":{"start":{"line":29,"column":0},"end":{"line":29,"column":7}},"29":{"start":{"line":30,"column":0},"end":{"line":30,"column":5}},"30":{"start":{"line":31,"column":0},"end":{"line":31,"column":3}},"32":{"start":{"line":33,"column":0},"end":{"line":33,"column":39}},"33":{"start":{"line":34,"column":0},"end":{"line":34,"column":16}},"34":{"start":{"line":35,"column":0},"end":{"line":35,"column":3}},"35":{"start":{"line":36,"column":0},"end":{"line":36,"column":1}}},"s":{"3":1,"4":1,"6":1,"7":1,"8":1,"10":1,"11":7,"12":7,"13":1,"14":7,"15":6,"16":6,"17":7,"19":1,"20":3,"21":1,"22":3,"23":2,"24":2,"26":2,"27":10,"28":10,"29":2,"30":3,"32":1,"33":2,"34":2,"35":1},"branchMap":{"0":{"type":"branch","line":5,"loc":{"start":{"line":5,"column":2},"end":{"line":5,"column":35}},"locations":[{"start":{"line":5,"column":2},"end":{"line":5,"column":35}}]},"1":{"type":"branch","line":7,"loc":{"start":{"line":7,"column":2},"end":{"line":9,"column":3}},"locations":[{"start":{"line":7,"column":2},"end":{"line":9,"column":3}}]},"2":{"type":"branch","line":11,"loc":{"start":{"line":11,"column":2},"end":{"line":18,"column":3}},"locations":[{"start":{"line":11,"column":2},"end":{"line":18,"column":3}}]},"3":{"type":"branch","line":13,"loc":{"start":{"line":13,"column":32},"end":{"line":15,"column":11}},"locations":[{"start":{"line":13,"column":32},"end":{"line":15,"column":11}}]},"4":{"type":"branch","line":15,"loc":{"start":{"line":15,"column":4},"end":{"line":17,"column":5}},"locations":[{"start":{"line":15,"column":4},"end":{"line":17,"column":5}}]},"5":{"type":"branch","line":20,"loc":{"start":{"line":20,"column":2},"end":{"line":31,"column":3}},"locations":[{"start":{"line":20,"column":2},"end":{"line":31,"column":3}}]},"6":{"type":"branch","line":21,"loc":{"start":{"line":21,"column":40},"end":{"line":23,"column":11}},"locations":[{"start":{"line":21,"column":40},"end":{"line":23,"column":11}}]},"7":{"type":"branch","line":23,"loc":{"start":{"line":23,"column":4},"end":{"line":30,"column":5}},"locations":[{"start":{"line":23,"column":4},"end":{"line":30,"column":5}}]},"8":{"type":"branch","line":27,"loc":{"start":{"line":27,"column":45},"end":{"line":29,"column":7}},"locations":[{"start":{"line":27,"column":45},"end":{"line":29,"column":7}}]},"9":{"type":"branch","line":25,"loc":{"start":{"line":25,"column":46},"end":{"line":25,"column":91}},"locations":[{"start":{"line":25,"column":46},"end":{"line":25,"column":91}}]},"10":{"type":"branch","line":33,"loc":{"start":{"line":33,"column":2},"end":{"line":35,"column":3}},"locations":[{"start":{"line":33,"column":2},"end":{"line":35,"column":3}}]}},"b":{"0":[13],"1":[1],"2":[7],"3":[1],"4":[6],"5":[3],"6":[1],"7":[2],"8":[10],"9":[14],"10":[2]},"fnMap":{"0":{"name":"HonoAdapter","decl":{"start":{"line":5,"column":2},"end":{"line":5,"column":35}},"loc":{"start":{"line":5,"column":2},"end":{"line":5,"column":35}},"line":5},"1":{"name":"registerMiddleware","decl":{"start":{"line":7,"column":2},"end":{"line":9,"column":3}},"loc":{"start":{"line":7,"column":2},"end":{"line":9,"column":3}},"line":7},"2":{"name":"registerRoute","decl":{"start":{"line":11,"column":2},"end":{"line":18,"column":3}},"loc":{"start":{"line":11,"column":2},"end":{"line":18,"column":3}},"line":11},"3":{"name":"registerDefaultHandler","decl":{"start":{"line":20,"column":2},"end":{"line":31,"column":3}},"loc":{"start":{"line":20,"column":2},"end":{"line":31,"column":3}},"line":20},"4":{"name":"transformPath","decl":{"start":{"line":33,"column":2},"end":{"line":35,"column":3}},"loc":{"start":{"line":33,"column":2},"end":{"line":35,"column":3}},"line":33}},"f":{"0":13,"1":1,"2":7,"3":3,"4":2}}
,"/home/thinkpad/fs-router/packages/fs-router/src/adapters/koa.ts": {"path":"/home/thinkpad/fs-router/packages/fs-router/src/adapters/koa.ts","all":false,"statementMap":{"4":{"start":{"line":5,"column":0},"end":{"line":5,"column":61}},"5":{"start":{"line":6,"column":0},"end":{"line":6,"column":40}},"7":{"start":{"line":8,"column":0},"end":{"line":8,"column":61}},"8":{"start":{"line":9,"column":0},"end":{"line":9,"column":42}},"9":{"start":{"line":10,"column":0},"end":{"line":10,"column":3}},"11":{"start":{"line":12,"column":0},"end":{"line":12,"column":72}},"12":{"start":{"line":13,"column":0},"end":{"line":13,"column":113}},"13":{"start":{"line":14,"column":0},"end":{"line":14,"column":56}},"14":{"start":{"line":15,"column":0},"end":{"line":15,"column":25}},"15":{"start":{"line":16,"column":0},"end":{"line":16,"column":7}},"16":{"start":{"line":17,"column":0},"end":{"line":17,"column":3}},"18":{"start":{"line":19,"column":0},"end":{"line":19,"column":94}},"19":{"start":{"line":20,"column":0},"end":{"line":20,"column":90}},"20":{"start":{"line":21,"column":0},"end":{"line":21,"column":91}},"22":{"start":{"line":23,"column":0},"end":{"line":23,"column":44}},"23":{"start":{"line":24,"column":0},"end":{"line":24,"column":64}},"24":{"start":{"line":25,"column":0},"end":{"line":25,"column":27}},"25":{"start":{"line":26,"column":0},"end":{"line":26,"column":9}},"26":{"start":{"line":27,"column":0},"end":{"line":27,"column":5}},"27":{"start":{"line":28,"column":0},"end":{"line":28,"column":3}},"29":{"start":{"line":30,"column":0},"end":{"line":30,"column":39}},"30":{"start":{"line":31,"column":0},"end":{"line":31,"column":16}},"31":{"start":{"line":32,"column":0},"end":{"line":32,"column":3}},"32":{"start":{"line":33,"column":0},"end":{"line":33,"column":1}}},"s":{"4":1,"5":1,"7":1,"8":1,"9":1,"11":1,"12":8,"13":8,"14":1,"15":8,"16":8,"18":1,"19":4,"20":4,"22":4,"23":23,"24":1,"25":23,"26":23,"27":4,"29":1,"30":2,"31":2,"32":1},"branchMap":{"0":{"type":"branch","line":6,"loc":{"start":{"line":6,"column":2},"end":{"line":6,"column":40}},"locations":[{"start":{"line":6,"column":2},"end":{"line":6,"column":40}}]},"1":{"type":"branch","line":8,"loc":{"start":{"line":8,"column":2},"end":{"line":10,"column":3}},"locations":[{"start":{"line":8,"column":2},"end":{"line":10,"column":3}}]},"2":{"type":"branch","line":12,"loc":{"start":{"line":12,"column":2},"end":{"line":17,"column":3}},"locations":[{"start":{"line":12,"column":2},"end":{"line":17,"column":3}}]},"3":{"type":"branch","line":14,"loc":{"start":{"line":14,"column":35},"end":{"line":16,"column":5}},"locations":[{"start":{"line":14,"column":35},"end":{"line":16,"column":5}}]},"4":{"type":"branch","line":19,"loc":{"start":{"line":19,"column":2},"end":{"line":28,"column":3}},"locations":[{"start":{"line":19,"column":2},"end":{"line":28,"column":3}}]},"5":{"type":"branch","line":23,"loc":{"start":{"line":23,"column":43},"end":{"line":27,"column":5}},"locations":[{"start":{"line":23,"column":43},"end":{"line":27,"column":5}}]},"6":{"type":"branch","line":21,"loc":{"start":{"line":21,"column":44},"end":{"line":21,"column":89}},"locations":[{"start":{"line":21,"column":44},"end":{"line":21,"column":89}}]},"7":{"type":"branch","line":24,"loc":{"start":{"line":24,"column":43},"end":{"line":26,"column":7}},"locations":[{"start":{"line":24,"column":43},"end":{"line":26,"column":7}}]},"8":{"type":"branch","line":30,"loc":{"start":{"line":30,"column":2},"end":{"line":32,"column":3}},"locations":[{"start":{"line":30,"column":2},"end":{"line":32,"column":3}}]}},"b":{"0":[15],"1":[1],"2":[8],"3":[1],"4":[4],"5":[23],"6":[28],"7":[1],"8":[2]},"fnMap":{"0":{"name":"KoaAdapter","decl":{"start":{"line":6,"column":2},"end":{"line":6,"column":40}},"loc":{"start":{"line":6,"column":2},"end":{"line":6,"column":40}},"line":6},"1":{"name":"registerMiddleware","decl":{"start":{"line":8,"column":2},"end":{"line":10,"column":3}},"loc":{"start":{"line":8,"column":2},"end":{"line":10,"column":3}},"line":8},"2":{"name":"registerRoute","decl":{"start":{"line":12,"column":2},"end":{"line":17,"column":3}},"loc":{"start":{"line":12,"column":2},"end":{"line":17,"column":3}},"line":12},"3":{"name":"registerDefaultHandler","decl":{"start":{"line":19,"column":2},"end":{"line":28,"column":3}},"loc":{"start":{"line":19,"column":2},"end":{"line":28,"column":3}},"line":19},"4":{"name":"transformPath","decl":{"start":{"line":30,"column":2},"end":{"line":32,"column":3}},"loc":{"start":{"line":30,"column":2},"end":{"line":32,"column":3}},"line":30}},"f":{"0":15,"1":1,"2":8,"3":4,"4":2}}
}
